#
# A fatal error has been detected by the Java Runtime Environment:
#
#  EXCEPTION_ACCESS_VIOLATION (0xc0000005) at pc=0x000002ab80a30763, pid=22768, tid=25772
#
# JRE version: OpenJDK Runtime Environment Temurin-21.0.7+6 (21.0.7+6) (build 21.0.7+6-LTS)
# Java VM: OpenJDK 64-Bit Server VM Temurin-21.0.7+6 (21.0.7+6-LTS, mixed mode, sharing, tiered, compressed oops, compressed class ptrs, g1 gc, windows-amd64)
# Problematic frame:
# J 5918 c1 jakarta.servlet.http.HttpServletRequestWrapper._getHttpServletRequest()Ljakarta/servlet/http/HttpServletRequest; (8 bytes) @ 0x000002ab80a30763 [0x000002ab80a306c0+0x00000000000000a3]
#
# No core dump will be written. Minidumps are not enabled by default on client versions of Windows
#
# If you would like to submit a bug report, please visit:
#   https://github.com/adoptium/adoptium-support/issues
#

---------------  S U M M A R Y ------------

Command Line: -Dfile.encoding=UTF-8 -Dstdout.encoding=UTF-8 -Dstderr.encoding=UTF-8 -XX:+ShowCodeDetailsInExceptionMessages -agentpath:C:\Program Files\SentinelOne\Sentinel Agent 24.1.6.313\SentinelJava64.dll=extendedCapabilities com.in28minutes.springboot.myfirstwebapp.MyfirstwebappApplication

Host: 13th Gen Intel(R) Core(TM) i5-1345U, 12 cores, 15G,  Windows 11 , 64 bit Build 26100 (10.0.26100.5074)
Time: Sun Oct  5 02:12:56 2025 India Standard Time elapsed time: 37.680227 seconds (0d 0h 0m 37s)

---------------  T H R E A D  ---------------

Current thread (0x000002ac4a0b1f60):  JavaThread "http-nio-8080-exec-5" daemon [_thread_in_Java, id=25772, stack(0x000000b702b00000,0x000000b702c00000) (1024K)]

Stack: [0x000000b702b00000,0x000000b702c00000],  sp=0x000000b702bf8110,  free space=992k
Native frames: (J=compiled Java code, j=interpreted, Vv=VM code, C=native code)
C  0x000002ab80a30763

The last pc belongs to nmethod (printed below).

siginfo: EXCEPTION_ACCESS_VIOLATION (0xc0000005), reading address 0x0000000000001568


Registers:
RAX=0x0000000000001560, RBX=0x000002abfd2f88b8, RCX=0x000002ac4998cd68, RDX=0x000002ac4998cd68
RSP=0x000000b702bf8110, RBP=0x000000b702bf81a0, RSI=0x000002ac40eb5bb0, RDI=0x000000b702bf85a8
R8 =0x000000b702bf85b0, R9 =0x0000000000000001, R10=0x00007ffc765bdfc0, R11=0x000002ab80a306e0
R12=0x0000000000000000, R13=0x000000b702bf8150, R14=0x000000b702bf81b8, R15=0x000002ac4a0b1f60
RIP=0x000002ab80a30763, EFLAGS=0x0000000000010206

XMM[0]=0x0000000000000000 0x00007ffd000064ac
XMM[1]=0x0000000000000000 0x0000000000000000
XMM[2]=0x0000000000000000 0x0000000000000000
XMM[3]=0x0000000000000000 0x0000000000000000
XMM[4]=0x0000000000000000 0x0000000000000000
XMM[5]=0x0000000000000000 0x0000000000000000
XMM[6]=0x0000000000000000 0x459176a534b32e2d
XMM[7]=0x0000000000000000 0x5d90bb336665de56
XMM[8]=0x0000000000000000 0x24b9ec707283a190
XMM[9]=0x0000000000000000 0x08566d218f3f89a6
XMM[10]=0x0000000000000000 0x0000000086e91c85
XMM[11]=0x0000000000000000 0x557f1050e4be99f6
XMM[12]=0x0000000000000000 0x000000008f3f89a6
XMM[13]=0x0000000000000000 0x0000000000000000
XMM[14]=0x0000000000000000 0x0000000000000000
XMM[15]=0x0000000000000000 0x0000000000000000
  MXCSR=0x00001fa0


Register to memory mapping:

RAX=0x0000000000001560 is an unknown value
RBX=0x000002abfd2f88b8 is a pointer to class: 
jakarta.servlet.http.HttpServletRequest {0x000002abfd2f88c0}
 - instance size:     2
 - klass size:        62
 - access:            public interface abstract 
 - flags:             rewritten should_verify_class has_nonstatic_concrete_methods declares_nonstatic_concrete_methods has_localvariable_table has_miranda_methods 
 - state:             fully_initialized
 - name:              'jakarta/servlet/http/HttpServletRequest'
 - super:             'java/lang/Object'
 - sub:               
 - nof implementors:  2
 - arrays:            null
 - methods:           Array<T>(0x000002ac3e29d638)
 - method ordering:   Array<T>(0x000002abfcb26a50)
 - local interfaces:  Array<T>(0x000002ac3e299cc8)
 - trans. interfaces: Array<T>(0x000002ac3e299cc8)
 - constants:         constant pool [249] {0x000002ac3e29cde8} for 'jakarta/servlet/http/HttpServletRequest' cache=0x000002ac40e0afe0
 - class loader data:  loader data: 0x000002abfb8f26a0 for instance a 'jdk/internal/loader/ClassLoaders$AppClassLoader'{0x000000070a9dc120}
 - source file:       'HttpServletRequest.java'
 - inner classes:     Array<T>(0x000002ac3e29b138)
 - nest members:     Array<T>(0x000002ac3e29b150)
 - permitted subclasses:     Array<T>(0x000002abfc611550)
 - java mirror:       a 'java/lang/Class'{0x000000070b03da38} = 'jakarta/servlet/http/HttpServletRequest'
 - vtable length      5  (start addr: 0x000002abfd2f8a78)
 - itable length      0 (start addr: 0x000002abfd2f8aa0)
 - ---- static fields (2 words):
 - public static final 'BASIC_AUTH' 'Ljava/lang/String;' @112 
 - public static final 'FORM_AUTH' 'Ljava/lang/String;' @116 
 - public static final 'CLIENT_CERT_AUTH' 'Ljava/lang/String;' @120 
 - public static final 'DIGEST_AUTH' 'Ljava/lang/String;' @124 
 - ---- non-static fields (0 words):
 - non-static oop maps: 
RCX=0x000002ac4998cd68 points into unknown readable memory: 0x80000e0016956ce4 | e4 6c 95 16 00 0e 00 80
RDX=0x000002ac4998cd68 points into unknown readable memory: 0x80000e0016956ce4 | e4 6c 95 16 00 0e 00 80
RSP=0x000000b702bf8110 is pointing into the stack for thread: 0x000002ac4a0b1f60
RBP=0x000000b702bf81a0 is pointing into the stack for thread: 0x000002ac4a0b1f60
RSI=0x000002ac40eb5bb0 is pointing into metadata
RDI=0x000000b702bf85a8 is pointing into the stack for thread: 0x000002ac4a0b1f60
R8 =0x000000b702bf85b0 is pointing into the stack for thread: 0x000002ac4a0b1f60
R9 =0x0000000000000001 is an unknown value
R10=0x00007ffc765bdfc0 jvm.dll
R11=0x000002ab80a306e0 is at entry_point+32 in (nmethod*)0x000002ab80a30510
Compiled method (c1) 37853 5918       3       jakarta.servlet.http.HttpServletRequestWrapper::_getHttpServletRequest (8 bytes)
 total in heap  [0x000002ab80a30510,0x000002ab80a30968] = 1112
 relocation     [0x000002ab80a30670,0x000002ab80a306b0] = 64
 main code      [0x000002ab80a306c0,0x000002ab80a308c0] = 512
 stub code      [0x000002ab80a308c0,0x000002ab80a308f8] = 56
 oops           [0x000002ab80a308f8,0x000002ab80a30900] = 8
 metadata       [0x000002ab80a30900,0x000002ab80a30910] = 16
 scopes data    [0x000002ab80a30910,0x000002ab80a30920] = 16
 scopes pcs     [0x000002ab80a30920,0x000002ab80a30960] = 64
 dependencies   [0x000002ab80a30960,0x000002ab80a30968] = 8
R12=0x0 is null
R13=0x000000b702bf8150 is pointing into the stack for thread: 0x000002ac4a0b1f60
R14=0x000000b702bf81b8 is pointing into the stack for thread: 0x000002ac4a0b1f60
R15=0x000002ac4a0b1f60 is a thread

Top of Stack: (sp=0x000000b702bf8110)
0x000000b702bf8110:   000002ac4a0b1f60 0000000000000000
0x000000b702bf8120:   000002ac4998c980 00007ffc7611d322
0x000000b702bf8130:   00007ffc765ae901 000002abfc0c5200
0x000000b702bf8140:   000000b702bf81a0 000002ab875389d2
0x000000b702bf8150:   000002ac4998cd68 000000b702bf8158
0x000000b702bf8160:   000002ac40bff369 0000000000000003
0x000000b702bf8170:   000002ac40e59918 000002ac40416b28
0x000000b702bf8180:   000000070ceec4f8 000002ac40bff398
0x000000b702bf8190:   000000b702bf8150 000000b702bf81b0
0x000000b702bf81a0:   000000b702bf8390 000002ab8753100d
0x000000b702bf81b0:   000000070cfe4df8 000002ac4998cd68
0x000000b702bf81c0:   000002ac46f707a0 000002abfc48b548
0x000000b702bf81d0:   000002abfc48b548 00007ffc7611d8f9
0x000000b702bf81e0:   0000000000000000 000002abfc48b548
0x000000b702bf81f0:   000002abfb8fa780 000002ac4a0b1f60
0x000000b702bf8200:   000002abfc48b568 0000001b00000006
0x000000b702bf8210:   000000010000001b ffffffff0000000c
0x000000b702bf8220:   000002abfc48b548 0000000000000000
0x000000b702bf8230:   00009c98781b571b 00007ffd36028824
0x000000b702bf8240:   0000000000000000 000002abfc002bf8
0x000000b702bf8250:   000000b702bf8608 000002abfc964ada
0x000000b702bf8260:   00007ffd3639cb10 000002abfc01ad01
0x000000b702bf8270:   000000b702bf84f0 00007ffd36028181
0x000000b702bf8280:   0000000100000014 000000b702bf84d0
0x000000b702bf8290:   000000b702bf83f0 00007ffc75c06b9d
0x000000b702bf82a0:   000002ac000064ac 000002abfc484d01
0x000000b702bf82b0:   000000b702bf84f0 0000000000000000
0x000000b702bf82c0:   0000000000000000 0000000000000000
0x000000b702bf82d0:   0000000000000000 0000000000000000
0x000000b702bf82e0:   0000000000000000 000000008f3f89a6
0x000000b702bf82f0:   0000000000000000 557f1050e4be99f6
0x000000b702bf8300:   0000000000000000 0000000086e91c85 

Instructions: (pc=0x000002ab80a30763)
0x000002ab80a30663:   00 00 00 00 00 00 00 00 00 00 00 00 00 14 30 22
0x000002ab80a30673:   31 05 60 2a 60 1e 60 16 60 2f 31 0f 60 8d 60 21
0x000002ab80a30683:   58 0e 60 17 31 0e 31 38 78 05 40 11 31 27 31 0b
0x000002ab80a30693:   00 00 31 03 7c 2f 76 90 7f fc 7f 05 38 0e 30 01
0x000002ab80a306a3:   7c 82 ff 0d 48 0c 31 00 00 00 00 00 00 00 00 00
0x000002ab80a306b3:   00 00 00 00 00 00 00 00 00 00 00 00 00 44 8b 52
0x000002ab80a306c3:   08 49 bb 00 00 00 fc ab 02 00 00 4d 03 d3 4c 3b
0x000002ab80a306d3:   d0 0f 85 a6 e0 b4 06 66 0f 1f 44 00 00 89 84 24
0x000002ab80a306e3:   00 80 ff ff 55 48 83 ec 30 41 81 7f 20 09 00 00
0x000002ab80a306f3:   00 74 05 e8 65 46 b3 06 48 b8 b0 5b eb 40 ac 02
0x000002ab80a30703:   00 00 8b b0 cc 00 00 00 83 c6 02 89 b0 cc 00 00
0x000002ab80a30713:   00 81 e6 fe 07 00 00 85 f6 0f 84 31 01 00 00 48
0x000002ab80a30723:   8b c2 48 be b0 5b eb 40 ac 02 00 00 48 83 86 10
0x000002ab80a30733:   01 00 00 01 8b 42 0c 48 c1 e0 03 48 85 c0 75 16
0x000002ab80a30743:   48 bf b0 5b eb 40 ac 02 00 00 80 8f 19 01 00 00
0x000002ab80a30753:   01 e9 e7 00 00 00 48 bb b8 88 2f fd ab 02 00 00
0x000002ab80a30763:   8b 78 08 49 ba 00 00 00 fc ab 02 00 00 49 03 fa
0x000002ab80a30773:   48 3b 5f 20 0f 84 1a 00 00 00 48 3b fb 0f 84 11
0x000002ab80a30783:   00 00 00 57 53 e8 f3 2d c1 06 5f 5f 85 ff 0f 84
0x000002ab80a30793:   8d 00 00 00 48 bf b0 5b eb 40 ac 02 00 00 8b 58
0x000002ab80a307a3:   08 49 ba 00 00 00 fc ab 02 00 00 49 03 da 48 3b
0x000002ab80a307b3:   9f 30 01 00 00 75 0d 48 83 87 38 01 00 00 01 e9
0x000002ab80a307c3:   79 00 00 00 48 3b 9f 40 01 00 00 75 0d 48 83 87
0x000002ab80a307d3:   48 01 00 00 01 e9 63 00 00 00 48 83 bf 30 01 00
0x000002ab80a307e3:   00 00 75 17 48 89 9f 30 01 00 00 48 c7 87 38 01
0x000002ab80a307f3:   00 00 01 00 00 00 e9 42 00 00 00 48 83 bf 40 01
0x000002ab80a30803:   00 00 00 75 17 48 89 9f 40 01 00 00 48 c7 87 48
0x000002ab80a30813:   01 00 00 01 00 00 00 e9 21 00 00 00 e9 1c 00 00
0x000002ab80a30823:   00 48 bf b0 5b eb 40 ac 02 00 00 48 83 af 20 01
0x000002ab80a30833:   00 00 01 e9 39 00 00 00 e9 00 00 00 00 48 83 c4
0x000002ab80a30843:   30 5d 49 3b a7 48 04 00 00 0f 87 2b 00 00 00 c3
0x000002ab80a30853:   49 ba 88 ee bf 40 ac 02 00 00 4c 89 54 24 08 48 


Stack slot to memory mapping:

stack at sp + 0 slots: 0x000002ac4a0b1f60 is a thread
stack at sp + 1 slots: 0x0 is null
stack at sp + 2 slots: 0x000002ac4998c980 points into unknown readable memory: 0x0000000000000000 | 00 00 00 00 00 00 00 00
stack at sp + 3 slots: 0x00007ffc7611d322 jvm.dll
stack at sp + 4 slots: 0x00007ffc765ae901 jvm.dll
stack at sp + 5 slots: 0x000002abfc0c5200 is pointing into metadata
stack at sp + 6 slots: 0x000000b702bf81a0 is pointing into the stack for thread: 0x000002ac4a0b1f60
stack at sp + 7 slots: 0x000002ab875389d2 is at code_begin+1554 in an Interpreter codelet
return entry points  [0x000002ab875383c0, 0x000002ab87538f60]  2976 bytes


Compiled method (c1) 37920 5918       3       jakarta.servlet.http.HttpServletRequestWrapper::_getHttpServletRequest (8 bytes)
 total in heap  [0x000002ab80a30510,0x000002ab80a30968] = 1112
 relocation     [0x000002ab80a30670,0x000002ab80a306b0] = 64
 main code      [0x000002ab80a306c0,0x000002ab80a308c0] = 512
 stub code      [0x000002ab80a308c0,0x000002ab80a308f8] = 56
 oops           [0x000002ab80a308f8,0x000002ab80a30900] = 8
 metadata       [0x000002ab80a30900,0x000002ab80a30910] = 16
 scopes data    [0x000002ab80a30910,0x000002ab80a30920] = 16
 scopes pcs     [0x000002ab80a30920,0x000002ab80a30960] = 64
 dependencies   [0x000002ab80a30960,0x000002ab80a30968] = 8

[Constant Pool (empty)]

[MachCode]
[Entry Point]
  # {method} {0x000002ac40bfee90} '_getHttpServletRequest' '()Ljakarta/servlet/http/HttpServletRequest;' in 'jakarta/servlet/http/HttpServletRequestWrapper'
  #           [sp+0x40]  (sp of caller)
  0x000002ab80a306c0: 448b 5208 | 49bb 0000 | 00fc ab02 | 0000 4d03 | d34c 3bd0 

  0x000002ab80a306d4: ;   {runtime_call ic_miss_stub}
  0x000002ab80a306d4: 0f85 a6e0 | b406 660f | 1f44 0000 
[Verified Entry Point]
  0x000002ab80a306e0: 8984 2400 | 80ff ff55 | 4883 ec30 | 4181 7f20 | 0900 0000 

  0x000002ab80a306f4: ;   {runtime_call StubRoutines (final stubs)}
  0x000002ab80a306f4: 7405 e865 

  0x000002ab80a306f8: ;   {metadata(method data for {method} {0x000002ac40bfee90} '_getHttpServletRequest' '()Ljakarta/servlet/http/HttpServletRequest;' in 'jakarta/servlet/http/HttpServletRequestWrapper')}
  0x000002ab80a306f8: 46b3 0648 | b8b0 5beb | 40ac 0200 | 008b b0cc | 0000 0083 | c602 89b0 | cc00 0000 | 81e6 fe07 
  0x000002ab80a30718: 0000 85f6 | 0f84 3101 | 0000 488b 

  0x000002ab80a30724: ;   {metadata(method data for {method} {0x000002ac40bfee90} '_getHttpServletRequest' '()Ljakarta/servlet/http/HttpServletRequest;' in 'jakarta/servlet/http/HttpServletRequestWrapper')}
  0x000002ab80a30724: c248 beb0 | 5beb 40ac | 0200 0048 | 8386 1001 | 0000 018b | 420c 48c1 | e003 4885 

  0x000002ab80a30740: ;   {metadata(method data for {method} {0x000002ac40bfee90} '_getHttpServletRequest' '()Ljakarta/servlet/http/HttpServletRequest;' in 'jakarta/servlet/http/HttpServletRequestWrapper')}
  0x000002ab80a30740: c075 1648 | bfb0 5beb | 40ac 0200 | 0080 8f19 | 0100 0001 | e9e7 0000 

  0x000002ab80a30758: ;   {metadata('jakarta/servlet/http/HttpServletRequest')}
  0x000002ab80a30758: 0048 bbb8 | 882f fdab | 0200 008b | 7808 49ba | 0000 00fc | ab02 0000 | 4903 fa48 | 3b5f 200f 
  0x000002ab80a30778: 841a 0000 | 0048 3bfb | 0f84 1100 | 0000 5753 

  0x000002ab80a30788: ;   {runtime_call slow_subtype_check Runtime1 stub}
  0x000002ab80a30788: e8f3 2dc1 | 065f 5f85 | ff0f 848d 

  0x000002ab80a30794: ;   {metadata(method data for {method} {0x000002ac40bfee90} '_getHttpServletRequest' '()Ljakarta/servlet/http/HttpServletRequest;' in 'jakarta/servlet/http/HttpServletRequestWrapper')}
  0x000002ab80a30794: 0000 0048 | bfb0 5beb | 40ac 0200 | 008b 5808 | 49ba 0000 | 00fc ab02 | 0000 4903 | da48 3b9f 
  0x000002ab80a307b4: 3001 0000 | 750d 4883 | 8738 0100 | 0001 e979 | 0000 0048 | 3b9f 4001 | 0000 750d | 4883 8748 
  0x000002ab80a307d4: 0100 0001 | e963 0000 | 0048 83bf | 3001 0000 | 0075 1748 | 899f 3001 | 0000 48c7 | 8738 0100 
  0x000002ab80a307f4: 0001 0000 | 00e9 4200 | 0000 4883 | bf40 0100 | 0000 7517 | 4889 9f40 | 0100 0048 | c787 4801 
  0x000002ab80a30814: 0000 0100 | 0000 e921 | 0000 00e9 | 1c00 0000 

  0x000002ab80a30824: ;   {metadata(method data for {method} {0x000002ac40bfee90} '_getHttpServletRequest' '()Ljakarta/servlet/http/HttpServletRequest;' in 'jakarta/servlet/http/HttpServletRequestWrapper')}
  0x000002ab80a30824: 48bf b05b | eb40 ac02 | 0000 4883 | af20 0100 | 0001 e939 | 0000 00e9 | 0000 0000 | 4883 c430 
  0x000002ab80a30844: ;   {poll_return}
  0x000002ab80a30844: 5d49 3ba7 | 4804 0000 | 0f87 2b00 

  0x000002ab80a30850: ;   {metadata({method} {0x000002ac40bfee90} '_getHttpServletRequest' '()Ljakarta/servlet/http/HttpServletRequest;' in 'jakarta/servlet/http/HttpServletRequestWrapper')}
  0x000002ab80a30850: 0000 c349 | ba88 eebf | 40ac 0200 | 004c 8954 | 2408 48c7 | 0424 ffff 

  0x000002ab80a30868: ;   {runtime_call counter_overflow Runtime1 stub}
  0x000002ab80a30868: ffff e811 

  0x000002ab80a3086c: ; ImmutableOopMap {rdx=Oop }
                      ;*synchronization entry
                      ; - jakarta.servlet.http.HttpServletRequestWrapper::_getHttpServletRequest@-1 (line 50)
  0x000002ab80a3086c: 59c1 06e9 | aefe ffff | 4889 0424 

  0x000002ab80a30878: ;   {runtime_call throw_class_cast_exception Runtime1 stub}
  0x000002ab80a30878: e803 27c1 

  0x000002ab80a3087c: ; ImmutableOopMap {rdx=Oop }
                      ;*checkcast {reexecute=0 rethrow=0 return_oop=0}
                      ; - jakarta.servlet.http.HttpServletRequestWrapper::_getHttpServletRequest@4 (line 50)
                      ;   {internal_word}
  0x000002ab80a3087c: 0649 ba45 | 08a3 80ab | 0200 004d | 8997 6004 

  0x000002ab80a3088c: ;   {runtime_call SafepointBlob}
  0x000002ab80a3088c: 0000 e96d | 4eb5 0649 | 8b87 f804 | 0000 49c7 | 87f8 0400 | 0000 0000 | 0049 c787 | 0005 0000 
  0x000002ab80a308ac: 0000 0000 | 4883 c430 

  0x000002ab80a308b4: ;   {runtime_call unwind_exception Runtime1 stub}
  0x000002ab80a308b4: 5de9 c6f3 | c006 f4f4 | f4f4 f4f4 
[Exception Handler]
  0x000002ab80a308c0: ;   {no_reloc}
  0x000002ab80a308c0: e8bb 20c1 

  0x000002ab80a308c4: ;   {external_word}
  0x000002ab80a308c4: 0648 b990 | 7f2f 76fc | 7f00 0048 

  0x000002ab80a308d0: ;   {runtime_call}
  0x000002ab80a308d0: 83e4 f048 | b8e0 44f2 | 75fc 7f00 | 00ff d0f4 
[Deopt Handler Code]
  0x000002ab80a308e0: ;   {section_word}
  0x000002ab80a308e0: 49ba e008 | a380 ab02 | 0000 4152 

  0x000002ab80a308ec: ;   {runtime_call DeoptimizationBlob}
  0x000002ab80a308ec: e9af 40b5 | 06f4 f4f4 | f4f4 f4f4 
[/MachCode]


---------------  P R O C E S S  ---------------

Threads class SMR info:
_java_thread_list=0x000002ac464651b0, length=30, elements={
0x000002abfb807dd0, 0x000002abfb80b770, 0x000002abfb830f70, 0x000002abfb839790,
0x000002abfb80f330, 0x000002abfb815460, 0x000002abfb81fe10, 0x000002abfb820810,
0x000002abfb983610, 0x000002abfb989430, 0x000002ac44593630, 0x000002ac44594350,
0x000002ac44591560, 0x000002ac44592910, 0x000002ac4a0b1240, 0x000002ac4a0af800,
0x000002ac4a0ae450, 0x000002ac4a0afe90, 0x000002ac4a0b0520, 0x000002ac4a0b18d0,
0x000002ac4a0b1f60, 0x000002ac4a0af170, 0x000002ac4a0b0bb0, 0x000002ac4a0b3310,
0x000002ac4a0b4030, 0x000002ac4a0b2c80, 0x000002ac4a0b46c0, 0x000002ac4a0b53e0,
0x000002ac4a0b39a0, 0x000002ac422caa20
}

Java Threads: ( => current thread )
  0x000002abfb807dd0 JavaThread "Reference Handler"          daemon [_thread_blocked, id=23900, stack(0x000000b700800000,0x000000b700900000) (1024K)]
  0x000002abfb80b770 JavaThread "Finalizer"                  daemon [_thread_blocked, id=24836, stack(0x000000b700900000,0x000000b700a00000) (1024K)]
  0x000002abfb830f70 JavaThread "Signal Dispatcher"          daemon [_thread_blocked, id=6908, stack(0x000000b700a00000,0x000000b700b00000) (1024K)]
  0x000002abfb839790 JavaThread "Attach Listener"            daemon [_thread_blocked, id=27420, stack(0x000000b700b00000,0x000000b700c00000) (1024K)]
  0x000002abfb80f330 JavaThread "Service Thread"             daemon [_thread_blocked, id=22808, stack(0x000000b700c00000,0x000000b700d00000) (1024K)]
  0x000002abfb815460 JavaThread "Monitor Deflation Thread"   daemon [_thread_blocked, id=27088, stack(0x000000b700d00000,0x000000b700e00000) (1024K)]
  0x000002abfb81fe10 JavaThread "C2 CompilerThread0"         daemon [_thread_in_native, id=23080, stack(0x000000b700e00000,0x000000b700f00000) (1024K)]
  0x000002abfb820810 JavaThread "C1 CompilerThread0"         daemon [_thread_blocked, id=12156, stack(0x000000b700f00000,0x000000b701000000) (1024K)]
  0x000002abfb983610 JavaThread "Notification Thread"        daemon [_thread_blocked, id=11560, stack(0x000000b701000000,0x000000b701100000) (1024K)]
  0x000002abfb989430 JavaThread "Common-Cleaner"             daemon [_thread_blocked, id=13912, stack(0x000000b701100000,0x000000b701200000) (1024K)]
  0x000002ac44593630 JavaThread "Catalina-utility-1"                [_thread_blocked, id=7748, stack(0x000000b701a00000,0x000000b701b00000) (1024K)]
  0x000002ac44594350 JavaThread "Catalina-utility-2"                [_thread_blocked, id=29612, stack(0x000000b702200000,0x000000b702300000) (1024K)]
  0x000002ac44591560 JavaThread "container-0"                       [_thread_blocked, id=27824, stack(0x000000b702300000,0x000000b702400000) (1024K)]
  0x000002ac44592910 JavaThread "HikariPool-1:housekeeper"   daemon [_thread_blocked, id=22796, stack(0x000000b702400000,0x000000b702500000) (1024K)]
  0x000002ac4a0b1240 JavaThread "File Watcher"               daemon [_thread_blocked, id=30360, stack(0x000000b702500000,0x000000b702600000) (1024K)]
  0x000002ac4a0af800 JavaThread "Live Reload Server"         daemon [_thread_in_native, id=8552, stack(0x000000b702700000,0x000000b702800000) (1024K)]
  0x000002ac4a0ae450 JavaThread "http-nio-8080-exec-1"       daemon [_thread_blocked, id=2944, stack(0x000000b702600000,0x000000b702700000) (1024K)]
  0x000002ac4a0afe90 JavaThread "http-nio-8080-exec-2"       daemon [_thread_blocked, id=16984, stack(0x000000b702800000,0x000000b702900000) (1024K)]
  0x000002ac4a0b0520 JavaThread "http-nio-8080-exec-3"       daemon [_thread_blocked, id=11372, stack(0x000000b702900000,0x000000b702a00000) (1024K)]
  0x000002ac4a0b18d0 JavaThread "http-nio-8080-exec-4"       daemon [_thread_blocked, id=29724, stack(0x000000b702a00000,0x000000b702b00000) (1024K)]
=>0x000002ac4a0b1f60 JavaThread "http-nio-8080-exec-5"       daemon [_thread_in_Java, id=25772, stack(0x000000b702b00000,0x000000b702c00000) (1024K)]
  0x000002ac4a0af170 JavaThread "http-nio-8080-exec-6"       daemon [_thread_blocked, id=24416, stack(0x000000b702c00000,0x000000b702d00000) (1024K)]
  0x000002ac4a0b0bb0 JavaThread "http-nio-8080-exec-7"       daemon [_thread_blocked, id=29980, stack(0x000000b702d00000,0x000000b702e00000) (1024K)]
  0x000002ac4a0b3310 JavaThread "http-nio-8080-exec-8"       daemon [_thread_blocked, id=13440, stack(0x000000b702e00000,0x000000b702f00000) (1024K)]
  0x000002ac4a0b4030 JavaThread "http-nio-8080-exec-9"       daemon [_thread_blocked, id=2072, stack(0x000000b702f00000,0x000000b703000000) (1024K)]
  0x000002ac4a0b2c80 JavaThread "http-nio-8080-exec-10"      daemon [_thread_blocked, id=2832, stack(0x000000b703000000,0x000000b703100000) (1024K)]
  0x000002ac4a0b46c0 JavaThread "http-nio-8080-Poller"       daemon [_thread_in_native, id=5140, stack(0x000000b703100000,0x000000b703200000) (1024K)]
  0x000002ac4a0b53e0 JavaThread "http-nio-8080-Acceptor"     daemon [_thread_in_native, id=1984, stack(0x000000b703200000,0x000000b703300000) (1024K)]
  0x000002ac4a0b39a0 JavaThread "DestroyJavaVM"                     [_thread_blocked, id=19912, stack(0x000000b700000000,0x000000b700100000) (1024K)]
  0x000002ac422caa20 JavaThread "C2 CompilerThread1"         daemon [_thread_blocked, id=30440, stack(0x000000b701200000,0x000000b701300000) (1024K)]
Total: 30

Other Threads:
  0x000002abf8d3e880 VMThread "VM Thread"                           [id=20336, stack(0x000000b700700000,0x000000b700800000) (1024K)]
  0x000002abf8d31440 WatcherThread "VM Periodic Task Thread"        [id=15972, stack(0x000000b700600000,0x000000b700700000) (1024K)]
  0x000002abf003cd40 WorkerThread "GC Thread#0"                     [id=22112, stack(0x000000b700100000,0x000000b700200000) (1024K)]
  0x000002ac416298d0 WorkerThread "GC Thread#1"                     [id=13064, stack(0x000000b701400000,0x000000b701500000) (1024K)]
  0x000002ac41bbb760 WorkerThread "GC Thread#2"                     [id=8596, stack(0x000000b701500000,0x000000b701600000) (1024K)]
  0x000002ac41bbbb00 WorkerThread "GC Thread#3"                     [id=17620, stack(0x000000b701600000,0x000000b701700000) (1024K)]
  0x000002ac41bbbea0 WorkerThread "GC Thread#4"                     [id=13704, stack(0x000000b701700000,0x000000b701800000) (1024K)]
  0x000002ac41b27820 WorkerThread "GC Thread#5"                     [id=13128, stack(0x000000b701b00000,0x000000b701c00000) (1024K)]
  0x000002ac41b26d40 WorkerThread "GC Thread#6"                     [id=23320, stack(0x000000b701c00000,0x000000b701d00000) (1024K)]
  0x000002ac41b27bc0 WorkerThread "GC Thread#7"                     [id=5516, stack(0x000000b701d00000,0x000000b701e00000) (1024K)]
  0x000002ac41b269a0 WorkerThread "GC Thread#8"                     [id=5512, stack(0x000000b701e00000,0x000000b701f00000) (1024K)]
  0x000002ac445d7260 WorkerThread "GC Thread#9"                     [id=16880, stack(0x000000b701f00000,0x000000b702000000) (1024K)]
  0x000002abf003ebf0 ConcurrentGCThread "G1 Main Marker"            [id=420, stack(0x000000b700200000,0x000000b700300000) (1024K)]
  0x000002abf8b53690 WorkerThread "G1 Conc#0"                       [id=29628, stack(0x000000b700300000,0x000000b700400000) (1024K)]
  0x000002ac445d7d40 WorkerThread "G1 Conc#1"                       [id=8328, stack(0x000000b702000000,0x000000b702100000) (1024K)]
  0x000002ac445d6780 WorkerThread "G1 Conc#2"                       [id=23476, stack(0x000000b702100000,0x000000b702200000) (1024K)]
  0x000002abf8bfc7b0 ConcurrentGCThread "G1 Refine#0"               [id=9832, stack(0x000000b700400000,0x000000b700500000) (1024K)]
  0x000002abf8bfcd40 ConcurrentGCThread "G1 Service"                [id=11776, stack(0x000000b700500000,0x000000b700600000) (1024K)]
Total: 18

Threads with active compile tasks:
C2 CompilerThread0  37957 6616       4       org.eclipse.jdt.internal.compiler.lookup.BinaryTypeBinding::createMethod (1719 bytes)
Total: 1

VM state: not at safepoint (normal execution)

VM Mutex/Monitor currently owned by a thread: None

Heap address: 0x000000070a600000, size: 3930 MB, Compressed Oops mode: Zero based, Oop shift amount: 3

CDS archive(s) mapped at: [0x000002abfc000000-0x000002abfcc80000-0x000002abfcc80000), size 13107200, SharedBaseAddress: 0x000002abfc000000, ArchiveRelocationMode: 1.
Compressed class space mapped at: 0x000002abfd000000-0x000002ac3d000000, reserved size: 1073741824
Narrow klass base: 0x000002abfc000000, Narrow klass shift: 0, Narrow klass range: 0x100000000

GC Precious Log:
 CardTable entry size: 512
 Card Set container configuration: InlinePtr #cards 4 size 8 Array Of Cards #cards 16 size 48 Howl #buckets 8 coarsen threshold 3686 Howl Bitmap #cards 512 size 80 coarsen threshold 460 Card regions per heap region 1 cards per card region 4096
 CPUs: 12 total, 12 available
 Memory: 15715M
 Large Page Support: Disabled
 NUMA Support: Disabled
 Compressed Oops: Enabled (Zero based)
 Heap Region Size: 2M
 Heap Min Capacity: 8M
 Heap Initial Capacity: 246M
 Heap Max Capacity: 3930M
 Pre-touch: Disabled
 Parallel Workers: 10
 Concurrent Workers: 3
 Concurrent Refinement Workers: 10
 Periodic GC: Disabled

Heap:
 garbage-first heap   total 83968K, used 41192K [0x000000070a600000, 0x0000000800000000)
  region size 2048K, 5 young (10240K), 3 survivors (6144K)
 Metaspace       used 85079K, committed 85824K, reserved 1179648K
  class space    used 11015K, committed 11328K, reserved 1048576K

Heap Regions: E=young(eden), S=young(survivor), O=old, HS=humongous(starts), HC=humongous(continues), CS=collection set, F=free, TAMS=top-at-mark-start, PB=parsable bottom
|   0|0x000000070a600000, 0x000000070a800000, 0x000000070a800000|100%| O|  |TAMS 0x000000070a600000| PB 0x000000070a600000| Untracked 
|   1|0x000000070a800000, 0x000000070aa00000, 0x000000070aa00000|100%| O|  |TAMS 0x000000070a800000| PB 0x000000070a800000| Untracked 
|   2|0x000000070aa00000, 0x000000070ac00000, 0x000000070ac00000|100%| O|  |TAMS 0x000000070aa00000| PB 0x000000070aa00000| Untracked 
|   3|0x000000070ac00000, 0x000000070ae00000, 0x000000070ae00000|100%| O|Cm|TAMS 0x000000070ac00000| PB 0x000000070ac00000| Complete 
|   4|0x000000070ae00000, 0x000000070b000000, 0x000000070b000000|100%| O|  |TAMS 0x000000070ae00000| PB 0x000000070ae00000| Untracked 
|   5|0x000000070b000000, 0x000000070b200000, 0x000000070b200000|100%| O|  |TAMS 0x000000070b000000| PB 0x000000070b000000| Untracked 
|   6|0x000000070b200000, 0x000000070b400000, 0x000000070b400000|100%| O|  |TAMS 0x000000070b200000| PB 0x000000070b200000| Untracked 
|   7|0x000000070b400000, 0x000000070b600000, 0x000000070b600000|100%| O|  |TAMS 0x000000070b400000| PB 0x000000070b400000| Untracked 
|   8|0x000000070b600000, 0x000000070b800000, 0x000000070b800000|100%| O|  |TAMS 0x000000070b600000| PB 0x000000070b600000| Untracked 
|   9|0x000000070b800000, 0x000000070ba00000, 0x000000070ba00000|100%| O|  |TAMS 0x000000070b800000| PB 0x000000070b800000| Untracked 
|  10|0x000000070ba00000, 0x000000070bc00000, 0x000000070bc00000|100%| O|  |TAMS 0x000000070ba00000| PB 0x000000070ba00000| Untracked 
|  11|0x000000070bc00000, 0x000000070be00000, 0x000000070be00000|100%| O|  |TAMS 0x000000070bc00000| PB 0x000000070bc00000| Untracked 
|  12|0x000000070be00000, 0x000000070c000000, 0x000000070c000000|100%| O|  |TAMS 0x000000070be00000| PB 0x000000070be00000| Untracked 
|  13|0x000000070c000000, 0x000000070c200000, 0x000000070c200000|100%| O|  |TAMS 0x000000070c000000| PB 0x000000070c000000| Untracked 
|  14|0x000000070c200000, 0x000000070c400000, 0x000000070c400000|100%| O|  |TAMS 0x000000070c200000| PB 0x000000070c200000| Untracked 
|  15|0x000000070c400000, 0x000000070c600000, 0x000000070c600000|100%| O|  |TAMS 0x000000070c400000| PB 0x000000070c400000| Untracked 
|  16|0x000000070c600000, 0x000000070c6ee6a8, 0x000000070c800000| 46%| O|  |TAMS 0x000000070c600000| PB 0x000000070c600000| Untracked 
|  17|0x000000070c800000, 0x000000070c800000, 0x000000070ca00000|  0%| F|  |TAMS 0x000000070c800000| PB 0x000000070c800000| Untracked 
|  18|0x000000070ca00000, 0x000000070ca00000, 0x000000070cc00000|  0%| F|  |TAMS 0x000000070ca00000| PB 0x000000070ca00000| Untracked 
|  19|0x000000070cc00000, 0x000000070cd4ba20, 0x000000070ce00000| 64%| S|CS|TAMS 0x000000070cc00000| PB 0x000000070cc00000| Complete 
|  20|0x000000070ce00000, 0x000000070d000000, 0x000000070d000000|100%| S|CS|TAMS 0x000000070ce00000| PB 0x000000070ce00000| Complete 
|  21|0x000000070d000000, 0x000000070d000000, 0x000000070d200000|  0%| F|  |TAMS 0x000000070d000000| PB 0x000000070d000000| Untracked 
|  22|0x000000070d200000, 0x000000070d200000, 0x000000070d400000|  0%| F|  |TAMS 0x000000070d200000| PB 0x000000070d200000| Untracked 
|  23|0x000000070d400000, 0x000000070d600000, 0x000000070d600000|100%| S|CS|TAMS 0x000000070d400000| PB 0x000000070d400000| Complete 
|  24|0x000000070d600000, 0x000000070d600000, 0x000000070d800000|  0%| F|  |TAMS 0x000000070d600000| PB 0x000000070d600000| Untracked 
|  25|0x000000070d800000, 0x000000070d800000, 0x000000070da00000|  0%| F|  |TAMS 0x000000070d800000| PB 0x000000070d800000| Untracked 
|  26|0x000000070da00000, 0x000000070da00000, 0x000000070dc00000|  0%| F|  |TAMS 0x000000070da00000| PB 0x000000070da00000| Untracked 
|  27|0x000000070dc00000, 0x000000070dc00000, 0x000000070de00000|  0%| F|  |TAMS 0x000000070dc00000| PB 0x000000070dc00000| Untracked 
|  28|0x000000070de00000, 0x000000070de00000, 0x000000070e000000|  0%| F|  |TAMS 0x000000070de00000| PB 0x000000070de00000| Untracked 
|  29|0x000000070e000000, 0x000000070e000000, 0x000000070e200000|  0%| F|  |TAMS 0x000000070e000000| PB 0x000000070e000000| Untracked 
|  30|0x000000070e200000, 0x000000070e200000, 0x000000070e400000|  0%| F|  |TAMS 0x000000070e200000| PB 0x000000070e200000| Untracked 
|  31|0x000000070e400000, 0x000000070e400000, 0x000000070e600000|  0%| F|  |TAMS 0x000000070e400000| PB 0x000000070e400000| Untracked 
|  32|0x000000070e600000, 0x000000070e600000, 0x000000070e800000|  0%| F|  |TAMS 0x000000070e600000| PB 0x000000070e600000| Untracked 
|  33|0x000000070e800000, 0x000000070e800000, 0x000000070ea00000|  0%| F|  |TAMS 0x000000070e800000| PB 0x000000070e800000| Untracked 
|  34|0x000000070ea00000, 0x000000070ea00000, 0x000000070ec00000|  0%| F|  |TAMS 0x000000070ea00000| PB 0x000000070ea00000| Untracked 
|  35|0x000000070ec00000, 0x000000070ec00000, 0x000000070ee00000|  0%| F|  |TAMS 0x000000070ec00000| PB 0x000000070ec00000| Untracked 
|  86|0x0000000715200000, 0x0000000715200000, 0x0000000715400000|  0%| F|  |TAMS 0x0000000715200000| PB 0x0000000715200000| Untracked 
|  87|0x0000000715400000, 0x0000000715400000, 0x0000000715600000|  0%| F|  |TAMS 0x0000000715400000| PB 0x0000000715400000| Untracked 
|  88|0x0000000715600000, 0x0000000715600000, 0x0000000715800000|  0%| F|  |TAMS 0x0000000715600000| PB 0x0000000715600000| Untracked 
|  89|0x0000000715800000, 0x000000071580d578, 0x0000000715a00000|  2%| E|  |TAMS 0x0000000715800000| PB 0x0000000715800000| Complete 
| 122|0x0000000719a00000, 0x0000000719c00000, 0x0000000719c00000|100%| E|CS|TAMS 0x0000000719a00000| PB 0x0000000719a00000| Complete 

Card table byte_map: [0x000002abf4620000,0x000002abf4dd0000] _byte_map_base: 0x000002abf0dcd000

Marking Bits: (CMBitMap*) 0x000002abf003d250
 Bits: [0x000002abf4dd0000, 0x000002abf8b38000)

Polling page: 0x000002abed760000

Metaspace:

Usage:
  Non-class:     72.33 MB used.
      Class:     10.76 MB used.
       Both:     83.09 MB used.

Virtual space:
  Non-class space:      128.00 MB reserved,      72.75 MB ( 57%) committed,  2 nodes.
      Class space:        1.00 GB reserved,      11.06 MB (  1%) committed,  1 nodes.
             Both:        1.12 GB reserved,      83.81 MB (  7%) committed. 

Chunk freelists:
   Non-Class:  7.08 MB
       Class:  4.82 MB
        Both:  11.90 MB

MaxMetaspaceSize: unlimited
CompressedClassSpaceSize: 1.00 GB
Initial GC threshold: 21.00 MB
Current GC threshold: 139.62 MB
CDS: on
 - commit_granule_bytes: 65536.
 - commit_granule_words: 8192.
 - virtual_space_node_default_size: 8388608.
 - enlarge_chunks_in_place: 1.
 - use_allocation_guard: 0.


Internal statistics:

num_allocs_failed_limit: 9.
num_arena_births: 1108.
num_arena_deaths: 0.
num_vsnodes_births: 3.
num_vsnodes_deaths: 0.
num_space_committed: 1341.
num_space_uncommitted: 0.
num_chunks_returned_to_freelist: 9.
num_chunks_taken_from_freelist: 4200.
num_chunk_merges: 6.
num_chunk_splits: 3035.
num_chunks_enlarged: 2334.
num_inconsistent_stats: 0.

CodeHeap 'non-profiled nmethods': size=120000Kb used=5108Kb max_used=5264Kb free=114891Kb
 bounds [0x000002ab87ad0000, 0x000002ab88000000, 0x000002ab8f000000]
CodeHeap 'profiled nmethods': size=120000Kb used=11757Kb max_used=12417Kb free=108243Kb
 bounds [0x000002ab80000000, 0x000002ab80c30000, 0x000002ab87530000]
CodeHeap 'non-nmethods': size=5760Kb used=1754Kb max_used=1777Kb free=4005Kb
 bounds [0x000002ab87530000, 0x000002ab877a0000, 0x000002ab87ad0000]
 total_blobs=6483 nmethods=5710 adapters=677
 compilation: enabled
              stopped_count=0, restarted_count=0
 full_count=0

Compilation events (20 events):
Event: 37.569 Thread 0x000002abfb820810 6687       3       org.apache.catalina.core.DefaultInstanceManager::findLifecycleCallback (112 bytes)
Event: 37.572 Thread 0x000002abfb820810 nmethod 6687 0x000002ab8038eb10 code [0x000002ab8038ee60, 0x000002ab80390258]
Event: 37.614 Thread 0x000002abfb820810 6689       3       java.io.InputStreamReader::read (11 bytes)
Event: 37.615 Thread 0x000002abfb820810 nmethod 6689 0x000002ab801f9e10 code [0x000002ab801f9fc0, 0x000002ab801fa150]
Event: 37.615 Thread 0x000002abfb820810 6691       3       sun.nio.cs.StreamDecoder::implRead (232 bytes)
Event: 37.618 Thread 0x000002abfb820810 nmethod 6691 0x000002ab80320f10 code [0x000002ab803211c0, 0x000002ab80321f90]
Event: 37.618 Thread 0x000002abfb820810 6690       3       sun.nio.cs.StreamDecoder::lockedRead (189 bytes)
Event: 37.621 Thread 0x000002abfb820810 nmethod 6690 0x000002ab805aa810 code [0x000002ab805aaaa0, 0x000002ab805ab570]
Event: 37.663 Thread 0x000002abfb820810 6692       3       java.util.TreeMap::getEntry (77 bytes)
Event: 37.664 Thread 0x000002abfb820810 nmethod 6692 0x000002ab80044410 code [0x000002ab80044620, 0x000002ab80044c98]
Event: 37.665 Thread 0x000002abfb820810 6693       3       java.util.TreeMap::get (19 bytes)
Event: 37.665 Thread 0x000002abfb820810 nmethod 6693 0x000002ab8017d390 code [0x000002ab8017d540, 0x000002ab8017d718]
Event: 37.666 Thread 0x000002ac422caa20 nmethod 6681 0x000002ab87d93b10 code [0x000002ab87d93e80, 0x000002ab87d96198]
Event: 37.667 Thread 0x000002ac422caa20 6688       4       java.util.HashMap::putVal (300 bytes)
Event: 37.669 Thread 0x000002abfb820810 6694       1       jakarta.el.ELContext::isPropertyResolved (5 bytes)
Event: 37.669 Thread 0x000002abfb820810 nmethod 6694 0x000002ab87d93610 code [0x000002ab87d937a0, 0x000002ab87d93870]
Event: 37.669 Thread 0x000002abfb820810 6695       1       jakarta.el.ELContext::setPropertyResolved (6 bytes)
Event: 37.670 Thread 0x000002abfb820810 nmethod 6695 0x000002ab87c5e110 code [0x000002ab87c5e2a0, 0x000002ab87c5e370]
Event: 37.670 Thread 0x000002abfb820810 6696       3       java.io.Writer::write (11 bytes)
Event: 37.670 Thread 0x000002abfb820810 nmethod 6696 0x000002ab8008b610 code [0x000002ab8008b7e0, 0x000002ab8008bad8]

GC Heap History (20 events):
Event: 5.296 GC heap before
{Heap before GC invocations=6 (full 0):
 garbage-first heap   total 65536K, used 49429K [0x000000070a600000, 0x0000000800000000)
  region size 2048K, 16 young (32768K), 2 survivors (4096K)
 Metaspace       used 34994K, committed 35584K, reserved 1114112K
  class space    used 4399K, committed 4672K, reserved 1048576K
}
Event: 5.299 GC heap after
{Heap after GC invocations=7 (full 0):
 garbage-first heap   total 65536K, used 23045K [0x000000070a600000, 0x0000000800000000)
  region size 2048K, 2 young (4096K), 2 survivors (4096K)
 Metaspace       used 34994K, committed 35584K, reserved 1114112K
  class space    used 4399K, committed 4672K, reserved 1048576K
}
Event: 5.399 GC heap before
{Heap before GC invocations=7 (full 0):
 garbage-first heap   total 65536K, used 25093K [0x000000070a600000, 0x0000000800000000)
  region size 2048K, 4 young (8192K), 2 survivors (4096K)
 Metaspace       used 35426K, committed 35968K, reserved 1114112K
  class space    used 4466K, committed 4736K, reserved 1048576K
}
Event: 5.401 GC heap after
{Heap after GC invocations=8 (full 0):
 garbage-first heap   total 65536K, used 23211K [0x000000070a600000, 0x0000000800000000)
  region size 2048K, 2 young (4096K), 2 survivors (4096K)
 Metaspace       used 35426K, committed 35968K, reserved 1114112K
  class space    used 4466K, committed 4736K, reserved 1048576K
}
Event: 6.433 GC heap before
{Heap before GC invocations=9 (full 0):
 garbage-first heap   total 65536K, used 49835K [0x000000070a600000, 0x0000000800000000)
  region size 2048K, 15 young (30720K), 2 survivors (4096K)
 Metaspace       used 42082K, committed 42688K, reserved 1114112K
  class space    used 5229K, committed 5504K, reserved 1048576K
}
Event: 6.437 GC heap after
{Heap after GC invocations=10 (full 0):
 garbage-first heap   total 65536K, used 25228K [0x000000070a600000, 0x0000000800000000)
  region size 2048K, 2 young (4096K), 2 survivors (4096K)
 Metaspace       used 42082K, committed 42688K, reserved 1114112K
  class space    used 5229K, committed 5504K, reserved 1048576K
}
Event: 7.796 GC heap before
{Heap before GC invocations=10 (full 0):
 garbage-first heap   total 65536K, used 49804K [0x000000070a600000, 0x0000000800000000)
  region size 2048K, 15 young (30720K), 2 survivors (4096K)
 Metaspace       used 47646K, committed 48192K, reserved 1114112K
  class space    used 6128K, committed 6400K, reserved 1048576K
}
Event: 7.800 GC heap after
{Heap after GC invocations=11 (full 0):
 garbage-first heap   total 65536K, used 26401K [0x000000070a600000, 0x0000000800000000)
  region size 2048K, 2 young (4096K), 2 survivors (4096K)
 Metaspace       used 47646K, committed 48192K, reserved 1114112K
  class space    used 6128K, committed 6400K, reserved 1048576K
}
Event: 8.452 GC heap before
{Heap before GC invocations=11 (full 0):
 garbage-first heap   total 65536K, used 55073K [0x000000070a600000, 0x0000000800000000)
  region size 2048K, 16 young (32768K), 2 survivors (4096K)
 Metaspace       used 53896K, committed 54528K, reserved 1114112K
  class space    used 6968K, committed 7232K, reserved 1048576K
}
Event: 8.460 GC heap after
{Heap after GC invocations=12 (full 0):
 garbage-first heap   total 65536K, used 27848K [0x000000070a600000, 0x0000000800000000)
  region size 2048K, 2 young (4096K), 2 survivors (4096K)
 Metaspace       used 53896K, committed 54528K, reserved 1114112K
  class space    used 6968K, committed 7232K, reserved 1048576K
}
Event: 8.969 GC heap before
{Heap before GC invocations=12 (full 0):
 garbage-first heap   total 65536K, used 44232K [0x000000070a600000, 0x0000000800000000)
  region size 2048K, 12 young (24576K), 2 survivors (4096K)
 Metaspace       used 59547K, committed 60096K, reserved 1114112K
  class space    used 7898K, committed 8128K, reserved 1048576K
}
Event: 8.973 GC heap after
{Heap after GC invocations=13 (full 0):
 garbage-first heap   total 65536K, used 28820K [0x000000070a600000, 0x0000000800000000)
  region size 2048K, 2 young (4096K), 2 survivors (4096K)
 Metaspace       used 59547K, committed 60096K, reserved 1114112K
  class space    used 7898K, committed 8128K, reserved 1048576K
}
Event: 9.611 GC heap before
{Heap before GC invocations=14 (full 0):
 garbage-first heap   total 65536K, used 51348K [0x000000070a600000, 0x0000000800000000)
  region size 2048K, 14 young (28672K), 2 survivors (4096K)
 Metaspace       used 63923K, committed 64576K, reserved 1114112K
  class space    used 8604K, committed 8896K, reserved 1048576K
}
Event: 9.615 GC heap after
{Heap after GC invocations=15 (full 0):
 garbage-first heap   total 83968K, used 30734K [0x000000070a600000, 0x0000000800000000)
  region size 2048K, 2 young (4096K), 2 survivors (4096K)
 Metaspace       used 63923K, committed 64576K, reserved 1114112K
  class space    used 8604K, committed 8896K, reserved 1048576K
}
Event: 11.252 GC heap before
{Heap before GC invocations=15 (full 0):
 garbage-first heap   total 83968K, used 71694K [0x000000070a600000, 0x0000000800000000)
  region size 2048K, 22 young (45056K), 2 survivors (4096K)
 Metaspace       used 69861K, committed 70592K, reserved 1114112K
  class space    used 9385K, committed 9728K, reserved 1048576K
}
Event: 11.259 GC heap after
{Heap after GC invocations=16 (full 0):
 garbage-first heap   total 83968K, used 33701K [0x000000070a600000, 0x0000000800000000)
  region size 2048K, 3 young (6144K), 3 survivors (6144K)
 Metaspace       used 69861K, committed 70592K, reserved 1114112K
  class space    used 9385K, committed 9728K, reserved 1048576K
}
Event: 34.990 GC heap before
{Heap before GC invocations=16 (full 0):
 garbage-first heap   total 83968K, used 68517K [0x000000070a600000, 0x0000000800000000)
  region size 2048K, 21 young (43008K), 3 survivors (6144K)
 Metaspace       used 77173K, committed 77952K, reserved 1179648K
  class space    used 10343K, committed 10688K, reserved 1048576K
}
Event: 35.004 GC heap after
{Heap after GC invocations=17 (full 0):
 garbage-first heap   total 83968K, used 37007K [0x000000070a600000, 0x0000000800000000)
  region size 2048K, 2 young (4096K), 2 survivors (4096K)
 Metaspace       used 77173K, committed 77952K, reserved 1179648K
  class space    used 10343K, committed 10688K, reserved 1048576K
}
Event: 37.407 GC heap before
{Heap before GC invocations=17 (full 0):
 garbage-first heap   total 83968K, used 69775K [0x000000070a600000, 0x0000000800000000)
  region size 2048K, 19 young (38912K), 2 survivors (4096K)
 Metaspace       used 84875K, committed 85696K, reserved 1179648K
  class space    used 10975K, committed 11328K, reserved 1048576K
}
Event: 37.416 GC heap after
{Heap after GC invocations=18 (full 0):
 garbage-first heap   total 83968K, used 39144K [0x000000070a600000, 0x0000000800000000)
  region size 2048K, 3 young (6144K), 3 survivors (6144K)
 Metaspace       used 84875K, committed 85696K, reserved 1179648K
  class space    used 10975K, committed 11328K, reserved 1048576K
}

Dll operation events (11 events):
Event: 0.018 Loaded shared library C:\eclipse\plugins\org.eclipse.justj.openjdk.hotspot.jre.full.win32.x86_64_21.0.7.v20250502-0916\jre\bin\java.dll
Event: 0.036 Loaded shared library C:\eclipse\plugins\org.eclipse.justj.openjdk.hotspot.jre.full.win32.x86_64_21.0.7.v20250502-0916\jre\bin\zip.dll
Event: 0.150 Loaded shared library C:\eclipse\plugins\org.eclipse.justj.openjdk.hotspot.jre.full.win32.x86_64_21.0.7.v20250502-0916\jre\bin\jimage.dll
Event: 0.162 Loaded shared library C:\eclipse\plugins\org.eclipse.justj.openjdk.hotspot.jre.full.win32.x86_64_21.0.7.v20250502-0916\jre\bin\net.dll
Event: 0.165 Loaded shared library C:\eclipse\plugins\org.eclipse.justj.openjdk.hotspot.jre.full.win32.x86_64_21.0.7.v20250502-0916\jre\bin\nio.dll
Event: 0.172 Loaded shared library C:\eclipse\plugins\org.eclipse.justj.openjdk.hotspot.jre.full.win32.x86_64_21.0.7.v20250502-0916\jre\bin\zip.dll
Event: 0.795 Loaded shared library C:\eclipse\plugins\org.eclipse.justj.openjdk.hotspot.jre.full.win32.x86_64_21.0.7.v20250502-0916\jre\bin\management.dll
Event: 0.801 Loaded shared library C:\eclipse\plugins\org.eclipse.justj.openjdk.hotspot.jre.full.win32.x86_64_21.0.7.v20250502-0916\jre\bin\management_ext.dll
Event: 2.975 Loaded shared library C:\eclipse\plugins\org.eclipse.justj.openjdk.hotspot.jre.full.win32.x86_64_21.0.7.v20250502-0916\jre\bin\sunmscapi.dll
Event: 6.997 Loaded shared library C:\eclipse\plugins\org.eclipse.justj.openjdk.hotspot.jre.full.win32.x86_64_21.0.7.v20250502-0916\jre\bin\verify.dll
Event: 11.693 Loaded shared library C:\eclipse\plugins\org.eclipse.justj.openjdk.hotspot.jre.full.win32.x86_64_21.0.7.v20250502-0916\jre\bin\extnet.dll

Deoptimization events (20 events):
Event: 36.971 Thread 0x000002ac4a0b1f60 Uncommon trap: trap_request=0xffffff45 fr.pc=0x000002ab87ba9994 relative=0x00000000000003d4
Event: 36.971 Thread 0x000002ac4a0b1f60 Uncommon trap: reason=unstable_if action=reinterpret pc=0x000002ab87ba9994 method=java.util.HashMap.getNode(Ljava/lang/Object;)Ljava/util/HashMap$Node; @ 66 c2
Event: 36.971 Thread 0x000002ac4a0b1f60 DEOPT PACKING pc=0x000002ab87ba9994 sp=0x000000b702bf77f0
Event: 36.971 Thread 0x000002ac4a0b1f60 DEOPT UNPACKING pc=0x000002ab875846a2 sp=0x000000b702bf7790 mode 2
Event: 36.971 Thread 0x000002ac4a0b1f60 Uncommon trap: trap_request=0xffffffde fr.pc=0x000002ab87fe28f4 relative=0x00000000000009d4
Event: 36.971 Thread 0x000002ac4a0b1f60 Uncommon trap: reason=class_check action=maybe_recompile pc=0x000002ab87fe28f4 method=java.util.HashMap.putVal(ILjava/lang/Object;Ljava/lang/Object;ZZ)Ljava/lang/Object; @ 91 c2
Event: 36.971 Thread 0x000002ac4a0b1f60 DEOPT PACKING pc=0x000002ab87fe28f4 sp=0x000000b702bf77c0
Event: 36.971 Thread 0x000002ac4a0b1f60 DEOPT UNPACKING pc=0x000002ab875846a2 sp=0x000000b702bf7770 mode 2
Event: 36.994 Thread 0x000002ac4a0b1f60 Uncommon trap: trap_request=0xffffff45 fr.pc=0x000002ab87fe3ef4 relative=0x00000000000001d4
Event: 36.994 Thread 0x000002ac4a0b1f60 Uncommon trap: reason=unstable_if action=reinterpret pc=0x000002ab87fe3ef4 method=jdk.internal.util.ArraysSupport.mismatch([C[CI)I @ 59 c2
Event: 36.994 Thread 0x000002ac4a0b1f60 DEOPT PACKING pc=0x000002ab87fe3ef4 sp=0x000000b702bf7d20
Event: 36.994 Thread 0x000002ac4a0b1f60 DEOPT UNPACKING pc=0x000002ab875846a2 sp=0x000000b702bf7c68 mode 2
Event: 37.451 Thread 0x000002ac4a0b1f60 Uncommon trap: trap_request=0xffffff45 fr.pc=0x000002ab87ff12ec relative=0x000000000000022c
Event: 37.451 Thread 0x000002ac4a0b1f60 Uncommon trap: reason=unstable_if action=reinterpret pc=0x000002ab87ff12ec method=java.util.Arrays.hashCode([C)I @ 8 c2
Event: 37.452 Thread 0x000002ac4a0b1f60 DEOPT PACKING pc=0x000002ab87ff12ec sp=0x000000b702bf8490
Event: 37.452 Thread 0x000002ac4a0b1f60 DEOPT UNPACKING pc=0x000002ab875846a2 sp=0x000000b702bf8428 mode 2
Event: 37.459 Thread 0x000002ac4a0b1f60 Uncommon trap: trap_request=0xffffffde fr.pc=0x000002ab87fe28f4 relative=0x00000000000009d4
Event: 37.459 Thread 0x000002ac4a0b1f60 Uncommon trap: reason=class_check action=maybe_recompile pc=0x000002ab87fe28f4 method=java.util.HashMap.putVal(ILjava/lang/Object;Ljava/lang/Object;ZZ)Ljava/lang/Object; @ 91 c2
Event: 37.459 Thread 0x000002ac4a0b1f60 DEOPT PACKING pc=0x000002ab87fe28f4 sp=0x000000b702bf8270
Event: 37.459 Thread 0x000002ac4a0b1f60 DEOPT UNPACKING pc=0x000002ab875846a2 sp=0x000000b702bf8220 mode 2

Classes loaded (20 events):
Event: 36.011 Loading class java/lang/ExceptionInInitializerError
Event: 36.012 Loading class java/lang/ExceptionInInitializerError done
Event: 36.206 Loading class java/io/FileWriter
Event: 36.206 Loading class java/io/FileWriter done
Event: 36.472 Loading class java/lang/NegativeArraySizeException
Event: 36.472 Loading class java/lang/NegativeArraySizeException done
Event: 36.717 Loading class sun/net/www/protocol/jrt/JavaRuntimeURLConnection
Event: 36.717 Loading class sun/net/www/protocol/jrt/JavaRuntimeURLConnection done
Event: 36.718 Loading class sun/net/www/protocol/jrt/JavaRuntimeURLConnection$1
Event: 36.718 Loading class sun/net/www/protocol/jrt/JavaRuntimeURLConnection$1 done
Event: 36.740 Loading class java/text/MessageFormat$Field
Event: 36.741 Loading class java/text/MessageFormat$Field done
Event: 36.799 Loading class java/util/stream/Nodes$IntFixedNodeBuilder
Event: 36.799 Loading class java/util/stream/Node$Builder$OfInt
Event: 36.799 Loading class java/util/stream/Node$Builder$OfInt done
Event: 36.799 Loading class java/util/stream/Nodes$IntArrayNode
Event: 36.799 Loading class java/util/stream/Nodes$IntArrayNode done
Event: 36.799 Loading class java/util/stream/Nodes$IntFixedNodeBuilder done
Event: 37.494 Loading class java/util/Hashtable$ValueCollection
Event: 37.495 Loading class java/util/Hashtable$ValueCollection done

Classes unloaded (0 events):
No events

Classes redefined (0 events):
No events

Internal exceptions (20 events):
Event: 34.545 Thread 0x000002ac4a0b1f60 Exception <a 'java/lang/NoSuchMethodError'{0x000000070dbea048}: 'void java.lang.invoke.Invokers$Holder.invokeExact_MT(java.lang.Object, java.lang.Object, int, java.lang.Object)'> (0x000000070dbea048) 
thrown [s\src\hotspot\share\interpreter\linkResolver.cpp, line 773]
Event: 34.581 Thread 0x000002ac4a0b1f60 Exception <a 'java/lang/IncompatibleClassChangeError'{0x000000070d835d78}: Found class java.lang.Object, but interface was expected> (0x000000070d835d78) 
thrown [s\src\hotspot\share\interpreter\linkResolver.cpp, line 840]
Event: 35.024 Thread 0x000002ac4a0b1f60 Implicit null exception at 0x000002ab87b081a1 to 0x000002ab87b088c8
Event: 35.024 Thread 0x000002ac4a0b1f60 Implicit null exception at 0x000002ab87aefea1 to 0x000002ab87af05a4
Event: 35.421 Thread 0x000002ac4a0b1f60 Exception <a 'java/lang/ClassNotFoundException'{0x00000007159f83f0}: org/apache/taglibs/standard/tag/rt/core/ForEachTagBeanInfo> (0x00000007159f83f0) 
thrown [s\src\hotspot\share\classfile\systemDictionary.cpp, line 312]
Event: 35.425 Thread 0x000002ac4a0b1f60 Exception <a 'java/lang/ClassNotFoundException'{0x0000000715602a38}: org/apache/taglibs/standard/tag/common/core/ForEachSupportBeanInfo> (0x0000000715602a38) 
thrown [s\src\hotspot\share\classfile\systemDictionary.cpp, line 312]
Event: 35.429 Thread 0x000002ac4a0b1f60 Exception <a 'java/lang/ClassNotFoundException'{0x000000071560cae8}: jakarta/servlet/jsp/jstl/core/LoopTagSupportBeanInfo> (0x000000071560cae8) 
thrown [s\src\hotspot\share\classfile\systemDictionary.cpp, line 312]
Event: 35.433 Thread 0x000002ac4a0b1f60 Exception <a 'java/lang/ClassNotFoundException'{0x0000000715616a38}: jakarta/servlet/jsp/tagext/TagSupportBeanInfo> (0x0000000715616a38) 
thrown [s\src\hotspot\share\classfile\systemDictionary.cpp, line 312]
Event: 35.436 Thread 0x000002ac4a0b1f60 Exception <a 'java/lang/ClassNotFoundException'{0x000000071561de70}: java/lang/ObjectBeanInfo> (0x000000071561de70) 
thrown [s\src\hotspot\share\classfile\systemDictionary.cpp, line 312]
Event: 35.440 Thread 0x000002ac4a0b1f60 Exception <a 'java/lang/ClassNotFoundException'{0x00000007156259a0}: java/lang/ObjectCustomizer> (0x00000007156259a0) 
thrown [s\src\hotspot\share\classfile\systemDictionary.cpp, line 312]
Event: 35.457 Thread 0x000002ac4a0b1f60 Exception <a 'java/lang/ClassNotFoundException'{0x000000071563b058}: jakarta/servlet/jsp/tagext/TagSupportCustomizer> (0x000000071563b058) 
thrown [s\src\hotspot\share\classfile\systemDictionary.cpp, line 312]
Event: 35.465 Thread 0x000002ac4a0b1f60 Exception <a 'java/lang/ClassNotFoundException'{0x0000000715651008}: jakarta/servlet/jsp/jstl/core/LoopTagSupportCustomizer> (0x0000000715651008) 
thrown [s\src\hotspot\share\classfile\systemDictionary.cpp, line 312]
Event: 35.477 Thread 0x000002ac4a0b1f60 Exception <a 'java/lang/ClassNotFoundException'{0x000000071566e600}: org/apache/taglibs/standard/tag/common/core/ForEachSupportCustomizer> (0x000000071566e600) 
thrown [s\src\hotspot\share\classfile\systemDictionary.cpp, line 312]
Event: 35.484 Thread 0x000002ac4a0b1f60 Exception <a 'java/lang/ClassNotFoundException'{0x000000071567e638}: org/apache/taglibs/standard/tag/rt/core/ForEachTagCustomizer> (0x000000071567e638) 
thrown [s\src\hotspot\share\classfile\systemDictionary.cpp, line 312]
Event: 35.493 Thread 0x000002ac4a0b1f60 Exception <a 'java/lang/NoSuchMethodError'{0x00000007156ae220}: 'long java.lang.invoke.DirectMethodHandle$Holder.invokeSpecial(java.lang.Object, java.lang.Object, java.lang.Object, int, int)'> (0x00000007156ae220) 
thrown [s\src\hotspot\share\interpreter\linkResolver.cpp, line 773]
Event: 35.495 Thread 0x000002ac4a0b1f60 Exception <a 'java/lang/NoSuchMethodError'{0x00000007156ba818}: 'java.lang.Object java.lang.invoke.DirectMethodHandle$Holder.invokeSpecial(java.lang.Object, java.lang.Object, java.lang.Object, int, int)'> (0x00000007156ba818) 
thrown [s\src\hotspot\share\interpreter\linkResolver.cpp, line 773]
Event: 35.511 Thread 0x000002ac4a0b1f60 Implicit null exception at 0x000002ab87b8fdba to 0x000002ab87b8fdf4
Event: 36.386 Thread 0x000002ac4a0b1f60 Exception <a 'java/lang/NoSuchMethodError'{0x000000070e2295e0}: 'void java.lang.invoke.Invokers$Holder.invokeExact_MT(java.lang.Object, java.lang.Object, java.lang.Object)'> (0x000000070e2295e0) 
thrown [s\src\hotspot\share\interpreter\linkResolver.cpp, line 773]
Event: 37.655 Thread 0x000002ac4a0b1f60 Exception <a 'java/lang/ClassNotFoundException'{0x0000000719b86b68}: com/in28minutes/springboot/myfirstwebapp/todo/TodoBeanInfo> (0x0000000719b86b68) 
thrown [s\src\hotspot\share\classfile\systemDictionary.cpp, line 312]
Event: 37.661 Thread 0x000002ac4a0b1f60 Exception <a 'java/lang/ClassNotFoundException'{0x0000000719b92798}: com/in28minutes/springboot/myfirstwebapp/todo/TodoCustomizer> (0x0000000719b92798) 
thrown [s\src\hotspot\share\classfile\systemDictionary.cpp, line 312]

ZGC Phase Switch (0 events):
No events

VM Operations (20 events):
Event: 36.774 Executing VM operation: HandshakeAllThreads (Deoptimize)
Event: 36.774 Executing VM operation: HandshakeAllThreads (Deoptimize) done
Event: 37.406 Executing VM operation: G1CollectForAllocation (G1 Evacuation Pause)
Event: 37.416 Executing VM operation: G1CollectForAllocation (G1 Evacuation Pause) done
Event: 37.469 Executing VM operation: G1PauseRemark
Event: 37.485 Executing VM operation: G1PauseRemark done
Event: 37.507 Executing VM operation: G1PauseCleanup
Event: 37.508 Executing VM operation: G1PauseCleanup done
Event: 37.552 Executing VM operation: ChangeBreakpoints
Event: 37.558 Executing VM operation: ChangeBreakpoints done
Event: 37.558 Executing VM operation: ChangeBreakpoints
Event: 37.563 Executing VM operation: ChangeBreakpoints done
Event: 37.573 Executing VM operation: get/set locals
Event: 37.573 Executing VM operation: get/set locals done
Event: 37.574 Executing VM operation: get/set locals
Event: 37.574 Executing VM operation: get/set locals done
Event: 37.672 Executing VM operation: get/set locals
Event: 37.672 Executing VM operation: get/set locals done
Event: 37.673 Executing VM operation: get/set locals
Event: 37.673 Executing VM operation: get/set locals done

Memory protections (0 events):
No events

Nmethod flushes (20 events):
Event: 37.483 Thread 0x000002abf8d3e880 flushing  nmethod 0x000002ab808e1510
Event: 37.483 Thread 0x000002abf8d3e880 flushing  nmethod 0x000002ab80941a10
Event: 37.483 Thread 0x000002abf8d3e880 flushing  nmethod 0x000002ab80948190
Event: 37.483 Thread 0x000002abf8d3e880 flushing  nmethod 0x000002ab8000d490
Event: 37.483 Thread 0x000002abf8d3e880 flushing  nmethod 0x000002ab80014810
Event: 37.483 Thread 0x000002abf8d3e880 flushing  nmethod 0x000002ab80044410
Event: 37.483 Thread 0x000002abf8d3e880 flushing  nmethod 0x000002ab8006d810
Event: 37.483 Thread 0x000002abf8d3e880 flushing osr nmethod 0x000002ab801b0990
Event: 37.483 Thread 0x000002abf8d3e880 flushing  nmethod 0x000002ab801dc790
Event: 37.483 Thread 0x000002abf8d3e880 flushing  nmethod 0x000002ab801dd890
Event: 37.483 Thread 0x000002abf8d3e880 flushing  nmethod 0x000002ab801df090
Event: 37.483 Thread 0x000002abf8d3e880 flushing  nmethod 0x000002ab80210690
Event: 37.483 Thread 0x000002abf8d3e880 flushing  nmethod 0x000002ab8023a290
Event: 37.483 Thread 0x000002abf8d3e880 flushing  nmethod 0x000002ab8023ad90
Event: 37.483 Thread 0x000002abf8d3e880 flushing  nmethod 0x000002ab8023c890
Event: 37.483 Thread 0x000002abf8d3e880 flushing  nmethod 0x000002ab8026e010
Event: 37.483 Thread 0x000002abf8d3e880 flushing  nmethod 0x000002ab8037d890
Event: 37.483 Thread 0x000002abf8d3e880 flushing  nmethod 0x000002ab8037e310
Event: 37.483 Thread 0x000002abf8d3e880 flushing  nmethod 0x000002ab805aa810
Event: 37.483 Thread 0x000002abf8d3e880 flushing  nmethod 0x000002ab8090a010

Events (20 events):
Event: 11.746 Thread 0x000002ac41c53ea0 Thread added: 0x000002ac4a0af170
Event: 11.746 Thread 0x000002ac41c53ea0 Thread added: 0x000002ac4a0b0bb0
Event: 11.746 Thread 0x000002ac41c53ea0 Thread added: 0x000002ac4a0b3310
Event: 11.747 Thread 0x000002ac41c53ea0 Thread added: 0x000002ac4a0b4030
Event: 11.747 Thread 0x000002ac41c53ea0 Thread added: 0x000002ac4a0b2c80
Event: 11.772 Thread 0x000002ac41c53ea0 Thread added: 0x000002ac4a0b46c0
Event: 11.774 Thread 0x000002ac41c53ea0 Thread added: 0x000002ac4a0b53e0
Event: 11.828 Thread 0x000002ac41c53ea0 Thread exited: 0x000002ac41c53ea0
Event: 11.832 Thread 0x000002ac41c53840 Thread exited: 0x000002ac41c53840
Event: 11.833 Thread 0x000002abeffd93d0 Thread exited: 0x000002abeffd93d0
Event: 11.833 Thread 0x000002ac4a0b39a0 Thread added: 0x000002ac4a0b39a0
Event: 13.745 Thread 0x000002ac43345000 Thread exited: 0x000002ac43345000
Event: 13.746 Thread 0x000002ac41519800 Thread exited: 0x000002ac41519800
Event: 25.204 Thread 0x000002abfb820810 Thread added: 0x000002ac49809010
Event: 25.660 Thread 0x000002ac49809010 Thread exited: 0x000002ac49809010
Event: 34.712 Thread 0x000002abfb820810 Thread added: 0x000002ac45082410
Event: 34.734 Thread 0x000002ac45082410 Thread added: 0x000002ac41a8e450
Event: 35.983 Thread 0x000002ac41a8e450 Thread exited: 0x000002ac41a8e450
Event: 36.180 Thread 0x000002ac45082410 Thread exited: 0x000002ac45082410
Event: 37.456 Thread 0x000002abfb820810 Thread added: 0x000002ac422caa20


Dynamic libraries:
0x00007ff6e8910000 - 0x00007ff6e891e000 	C:\eclipse\plugins\org.eclipse.justj.openjdk.hotspot.jre.full.win32.x86_64_21.0.7.v20250502-0916\jre\bin\javaw.exe
0x000002abedac0000 - 0x000002abedd29000 	C:\Windows\SYSTEM32\ntd1l.dll
0x000002abedd30000 - 0x000002abeddf9000 	C:\Windows\System32\kern3l32.dll
0x00007ffd39380000 - 0x00007ffd395e9000 	C:\Windows\SYSTEM32\ntdll.dll
0x00007ffd37b00000 - 0x00007ffd37bc9000 	C:\Windows\System32\KERNEL32.DLL
0x00007ffd36880000 - 0x00007ffd36c73000 	C:\Windows\System32\KERNELBASE.dll
0x00007ffd35fc0000 - 0x00007ffd363d6000 	C:\Program Files\SentinelOne\Sentinel Agent 24.1.6.313\InProcessClient64.dll
0x00007ffd38650000 - 0x00007ffd38704000 	C:\Windows\System32\ADVAPI32.dll
0x00007ffd37150000 - 0x00007ffd371f9000 	C:\Windows\System32\msvcrt.dll
0x00007ffd38ea0000 - 0x00007ffd38f46000 	C:\Windows\System32\sechost.dll
0x00007ffd38710000 - 0x00007ffd38828000 	C:\Windows\System32\RPCRT4.dll
0x00007ffd36600000 - 0x00007ffd3674b000 	C:\Windows\System32\ucrtbase.dll
0x00007ffd0e950000 - 0x00007ffd0e968000 	C:\eclipse\plugins\org.eclipse.justj.openjdk.hotspot.jre.full.win32.x86_64_21.0.7.v20250502-0916\jre\bin\jli.dll
0x00007ffd37f60000 - 0x00007ffd38124000 	C:\Windows\System32\USER32.dll
0x00007ffd0e880000 - 0x00007ffd0e89e000 	C:\eclipse\plugins\org.eclipse.justj.openjdk.hotspot.jre.full.win32.x86_64_21.0.7.v20250502-0916\jre\bin\VCRUNTIME140.dll
0x00007ffd36510000 - 0x00007ffd36537000 	C:\Windows\System32\win32u.dll
0x00007ffd39310000 - 0x00007ffd3933b000 	C:\Windows\System32\GDI32.dll
0x00007ffd36750000 - 0x00007ffd3687d000 	C:\Windows\System32\gdi32full.dll
0x00007ffd16ab0000 - 0x00007ffd16d43000 	C:\Windows\WinSxS\amd64_microsoft.windows.common-controls_6595b64144ccf1df_6.0.26100.5074_none_3e0d6f78e32fd63f\COMCTL32.dll
0x00007ffd370a0000 - 0x00007ffd37143000 	C:\Windows\System32\msvcp_win.dll
0x00007ffd35f40000 - 0x00007ffd35f4b000 	C:\Windows\SYSTEM32\VERSION.dll
0x00007ffd35f30000 - 0x00007ffd35f3c000 	C:\Windows\SYSTEM32\FLTLIB.DLL
0x00007ffd38470000 - 0x00007ffd3849f000 	C:\Windows\System32\IMM32.DLL
0x00007ffd22c30000 - 0x00007ffd22c3c000 	C:\eclipse\plugins\org.eclipse.justj.openjdk.hotspot.jre.full.win32.x86_64_21.0.7.v20250502-0916\jre\bin\vcruntime140_1.dll
0x00007ffcf4170000 - 0x00007ffcf41fd000 	C:\eclipse\plugins\org.eclipse.justj.openjdk.hotspot.jre.full.win32.x86_64_21.0.7.v20250502-0916\jre\bin\msvcp140.dll
0x00007ffc75900000 - 0x00007ffc76690000 	C:\eclipse\plugins\org.eclipse.justj.openjdk.hotspot.jre.full.win32.x86_64_21.0.7.v20250502-0916\jre\bin\server\jvm.dll
0x00007ffd39040000 - 0x00007ffd390b4000 	C:\Windows\System32\WS2_32.dll
0x00007ffd35f50000 - 0x00007ffd35fae000 	C:\Windows\SYSTEM32\POWRPROF.dll
0x00007ffd30390000 - 0x00007ffd303c5000 	C:\Windows\SYSTEM32\WINMM.dll
0x00007ffd35f10000 - 0x00007ffd35f24000 	C:\Windows\SYSTEM32\UMPDC.dll
0x00007ffd34d40000 - 0x00007ffd34d5b000 	C:\Windows\SYSTEM32\kernel.appcore.dll
0x00007ffd31520000 - 0x00007ffd3152a000 	C:\eclipse\plugins\org.eclipse.justj.openjdk.hotspot.jre.full.win32.x86_64_21.0.7.v20250502-0916\jre\bin\jimage.dll
0x00007ffd33430000 - 0x00007ffd33672000 	C:\Windows\SYSTEM32\DBGHELP.DLL
0x00007ffd37be0000 - 0x00007ffd37f5b000 	C:\Windows\System32\combase.dll
0x00007ffd38f50000 - 0x00007ffd39027000 	C:\Windows\System32\OLEAUT32.dll
0x00007ffd03d50000 - 0x00007ffd03d8d000 	C:\Windows\SYSTEM32\dbgcore.DLL
0x00007ffd37000000 - 0x00007ffd37099000 	C:\Windows\System32\bcryptPrimitives.dll
0x00007ffcb0a20000 - 0x00007ffcb0acd000 	C:\Program Files\SentinelOne\Sentinel Agent 24.1.6.313\SentinelJava64.dll
0x00007ffd390c0000 - 0x00007ffd39122000 	C:\Windows\System32\SHLWAPI.dll
0x00007ffd384b0000 - 0x00007ffd38648000 	C:\Windows\System32\ole32.dll
0x00007ffd22b60000 - 0x00007ffd22b7f000 	C:\eclipse\plugins\org.eclipse.justj.openjdk.hotspot.jre.full.win32.x86_64_21.0.7.v20250502-0916\jre\bin\java.dll
0x00007ffd1fce0000 - 0x00007ffd1fcf8000 	C:\eclipse\plugins\org.eclipse.justj.openjdk.hotspot.jre.full.win32.x86_64_21.0.7.v20250502-0916\jre\bin\zip.dll
0x00007ffd37300000 - 0x00007ffd37a4d000 	C:\Windows\System32\SHELL32.dll
0x00007ffd36c80000 - 0x00007ffd36dec000 	C:\Windows\System32\wintypes.dll
0x00007ffd339b0000 - 0x00007ffd34209000 	C:\Windows\SYSTEM32\windows.storage.dll
0x00007ffd39210000 - 0x00007ffd39300000 	C:\Windows\System32\SHCORE.dll
0x00007ffd36430000 - 0x00007ffd36459000 	C:\Windows\SYSTEM32\profapi.dll
0x00007ffd31510000 - 0x00007ffd31520000 	C:\eclipse\plugins\org.eclipse.justj.openjdk.hotspot.jre.full.win32.x86_64_21.0.7.v20250502-0916\jre\bin\net.dll
0x00007ffd34d60000 - 0x00007ffd34e7f000 	C:\Windows\SYSTEM32\WINHTTP.dll
0x00007ffd353d0000 - 0x00007ffd3543b000 	C:\Windows\system32\mswsock.dll
0x00007ffd164c0000 - 0x00007ffd164d6000 	C:\eclipse\plugins\org.eclipse.justj.openjdk.hotspot.jre.full.win32.x86_64_21.0.7.v20250502-0916\jre\bin\nio.dll
0x00007ffd164b0000 - 0x00007ffd164ba000 	C:\eclipse\plugins\org.eclipse.justj.openjdk.hotspot.jre.full.win32.x86_64_21.0.7.v20250502-0916\jre\bin\management.dll
0x00007ffd163e0000 - 0x00007ffd163eb000 	C:\eclipse\plugins\org.eclipse.justj.openjdk.hotspot.jre.full.win32.x86_64_21.0.7.v20250502-0916\jre\bin\management_ext.dll
0x00007ffd372f0000 - 0x00007ffd372f8000 	C:\Windows\System32\PSAPI.DLL
0x00007ffd263a0000 - 0x00007ffd263ae000 	C:\eclipse\plugins\org.eclipse.justj.openjdk.hotspot.jre.full.win32.x86_64_21.0.7.v20250502-0916\jre\bin\sunmscapi.dll
0x00007ffd36e80000 - 0x00007ffd36ff7000 	C:\Windows\System32\CRYPT32.dll
0x00007ffd358f0000 - 0x00007ffd35920000 	C:\Windows\SYSTEM32\ncrypt.dll
0x00007ffd358a0000 - 0x00007ffd358df000 	C:\Windows\SYSTEM32\NTASN1.dll
0x00007ffd357a0000 - 0x00007ffd357bb000 	C:\Windows\SYSTEM32\CRYPTSP.dll
0x00007ffd34ca0000 - 0x00007ffd34cdb000 	C:\Windows\system32\rsaenh.dll
0x00007ffd35470000 - 0x00007ffd3549b000 	C:\Windows\SYSTEM32\USERENV.dll
0x00007ffd36400000 - 0x00007ffd36426000 	C:\Windows\SYSTEM32\bcrypt.dll
0x00007ffd35780000 - 0x00007ffd3578c000 	C:\Windows\SYSTEM32\CRYPTBASE.dll
0x00007ffd344f0000 - 0x00007ffd34524000 	C:\Windows\SYSTEM32\IPHLPAPI.DLL
0x00007ffd37af0000 - 0x00007ffd37afa000 	C:\Windows\System32\NSI.dll
0x00007ffd26430000 - 0x00007ffd26440000 	C:\eclipse\plugins\org.eclipse.justj.openjdk.hotspot.jre.full.win32.x86_64_21.0.7.v20250502-0916\jre\bin\verify.dll
0x00007ffd26420000 - 0x00007ffd26429000 	C:\eclipse\plugins\org.eclipse.justj.openjdk.hotspot.jre.full.win32.x86_64_21.0.7.v20250502-0916\jre\bin\extnet.dll
0x00007ffcfc5d0000 - 0x00007ffcfc5d8000 	C:\Windows\system32\wshunix.dll

dbghelp: loaded successfully - version: 4.0.5 - missing functions: none
symbol engine: initialized successfully - sym options: 0x614 - pdb path: .;C:\eclipse\plugins\org.eclipse.justj.openjdk.hotspot.jre.full.win32.x86_64_21.0.7.v20250502-0916\jre\bin;C:\Windows\SYSTEM32;C:\Program Files\SentinelOne\Sentinel Agent 24.1.6.313;C:\Windows\WinSxS\amd64_microsoft.windows.common-controls_6595b64144ccf1df_6.0.26100.5074_none_3e0d6f78e32fd63f;C:\eclipse\plugins\org.eclipse.justj.openjdk.hotspot.jre.full.win32.x86_64_21.0.7.v20250502-0916\jre\bin\server

VM Arguments:
jvm_args: -Dfile.encoding=UTF-8 -Dstdout.encoding=UTF-8 -Dstderr.encoding=UTF-8 -XX:+ShowCodeDetailsInExceptionMessages -agentpath:C:\Program Files\SentinelOne\Sentinel Agent 24.1.6.313\SentinelJava64.dll=extendedCapabilities 
java_command: com.in28minutes.springboot.myfirstwebapp.MyfirstwebappApplication
java_class_path (initial): C:\My Folder\Web\myfirstwebapp\target\classes;C:\Users\6132977\.m2\repository\org\apache\tomcat\embed\tomcat-embed-jasper\10.1.43\tomcat-embed-jasper-10.1.43.jar;C:\Users\6132977\.m2\repository\org\apache\tomcat\embed\tomcat-embed-core\10.1.43\tomcat-embed-core-10.1.43.jar;C:\Users\6132977\.m2\repository\org\apache\tomcat\tomcat-annotations-api\10.1.43\tomcat-annotations-api-10.1.43.jar;C:\Users\6132977\.m2\repository\org\apache\tomcat\embed\tomcat-embed-el\10.1.43\tomcat-embed-el-10.1.43.jar;C:\Users\6132977\.m2\repository\org\eclipse\jdt\ecj\3.33.0\ecj-3.33.0.jar;C:\Users\6132977\.m2\repository\jakarta\servlet\jsp\jstl\jakarta.servlet.jsp.jstl-api\3.0.2\jakarta.servlet.jsp.jstl-api-3.0.2.jar;C:\Users\6132977\.m2\repository\jakarta\servlet\jakarta.servlet-api\6.0.0\jakarta.servlet-api-6.0.0.jar;C:\Users\6132977\.m2\repository\jakarta\el\jakarta.el-api\5.0.0\jakarta.el-api-5.0.0.jar;C:\Users\6132977\.m2\repository\org\glassfish\web\jakarta.servlet.jsp.jstl\3.0.1\jakarta.servlet.jsp.jstl-3.0.1.jar;C:\Users\6132977\.m2\repository\org\webjars\bootstrap\5.1.3\bootstrap-5.1.3.jar;C:\Users\6132977\.m2\repository\org\webjars\popper.js\2.9.3\popper.js-2.9.3.jar;C:\Users\6132977\.m2\repository\org\webjars\jquery\3.6.0\jquery-3.6.0.jar;C:\Users\6132977\.m2\repository\org\webjars\bootstrap-datepicker\1.9.0\bootstrap-datepicker-1.9.0.jar;C:\Users\6132977\.m2\repository\org\springframework\boot\spring-boot-starter-web\3.5.4\spring-boot-starter-web-3.5.4.jar;C:\Users\6132977\.m2\repository\org\springframework\boot\spring-boot-starter\3.5.4\spring-boot-starter-3.5.4.jar;C:\Users\6132977\.m2\repository\org\springframework\boot\spring-boot-starter-logging\3.5.4\spring-boot-starter-logging-3.5.4.jar;C:\Users\6132977\.m2\repository\ch\qos\logback\logback-classic\1.5.18\logback-classic-1.5.18.jar;C:\Users\6132977\.m2\repository\ch\qos\logback\logback-core\1.5.18\logback-core-1.5.18.jar;C:\Users\6132977\.m2\repository\org\apache\logging\log4j\log4j-to-slf4j\2.24.3\log4j-to-slf4j-2.24.3.jar;C:\Users\6132977\.m2\repository\org\apache\logging\log4j\log4j-api\2.24.3\log4j-api-2.24.3.jar;C:\Users\6132977\.m2\repository\org\slf4j\jul-to-slf4j\2.0.17\jul-to-slf4j-2.0.17.jar;C:\Users\6132977\.m2\repository\jakarta\annotation\jakarta.annotation-api\2.1.1\jakarta.annotation-api-2.1.1.jar;C:\Users\6132977\.m2\repository\org\yaml\snakeyaml\2.4\snakeyaml-2.4.jar;C:\Users\6132977\.m2\repository\org\springframework\boot\spring-boot-starter-json\3.5.4\spring-boot-starter-json-3.5.4.jar;C:\Users\6132977\.m2\repository\com\fasterxml\jackson\core\jackson-databind\2.19.2\jackson-databind-2.19.2.jar;C:\Users\6132977\.m2\repository\com\fasterxml\jackson\core\jackson-annotations\2.19.2\jackson-annotations-2.19.2.jar;C:\Users\6132977\.m2\repository\com\fasterxml\jackson\core\jackson-core\2.19.2\jackson-core-2.19.2.jar;C:\Users\6132977\.m2\repository\com\fasterxml\jackson\datatype\jackson-datatype-jdk8\2.19.2\jackson-datatype-jdk8-2.19.2.jar;C:\Users\6132977\.m2\repository\com\fasterxml\jackson\datatype\jackson-datatype-jsr310\2.19.2\jackson-datatype-jsr310-2.19.2.jar;C:\Users\6132977\.m2\repository\com\fasterxml\jackson\module\jackson-module-parameter-names\2.19.2\jackson-module-parameter-names-2.19.2.jar;C:\Users\6132977\.m2\repository\org\springframework\boot\spring-boot-starter-tomcat\3.5.4\spring-boot-starter-tomcat-3.5.4.jar;C:\Users\6132977\.m2\repository\org\apache\tomcat\embed\tomcat-embed-websocket\10.1.43\tomcat-embed-websocket-10.1.43.jar;C:\Users\6132977\.m2\repository\org\springframework\spring-web\6.2.9\spring-web-6.2.9.jar;C:\Users\6132977\.m2\repository\org\springframework\spring-beans\6.2.9\spring-beans-6.2.9.jar;C:\Users\6132977\.m2\repository\io\micrometer\micrometer-observation\1.15.2\micrometer-observation-1.15.2.jar;C:\Users\6132977\.m2\repository\io\micrometer\micrometer-commons\1.15.2\micrometer-commons-1.15.2.jar;C:\Users\6132977\.m2\repository\org\springframework\spring-webmvc\6.2.9\spring-webmvc-6.2.9.jar;C:\Users\6132977\.m2\repository\org\springframework\spring-context\6.2.9\spring-context-6.2.9.jar;C:\Users\6132977\.m2\repository\org\springframework\spring-expression\6.2.9\spring-expression-6.2.9.jar;C:\Users\6132977\.m2\repository\org\springframework\boot\spring-boot-starter-data-jpa\3.5.4\spring-boot-starter-data-jpa-3.5.4.jar;C:\Users\6132977\.m2\repository\org\springframework\boot\spring-boot-starter-jdbc\3.5.4\spring-boot-starter-jdbc-3.5.4.jar;C:\Users\6132977\.m2\repository\com\zaxxer\HikariCP\6.3.1\HikariCP-6.3.1.jar;C:\Users\6132977\.m2\repository\org\springframework\spring-jdbc\6.2.9\spring-jdbc-6.2.9.jar;C:\Users\6132977\.m2\repository\org\hibernate\orm\hibernate-core\6.6.22.Final\hibernate-core-6.6.22.Final.jar;C:\Users\6132977\.m2\repository\jakarta\persistence\jakarta.persistence-api\3.1.0\jakarta.persistence-api-3.1.0.jar;C:\Users\6132977\.m2\repository\jakarta\transaction\jakarta.transaction-api\2.0.1\jakarta.transaction-api-2.0.1.jar;C:\Users\6132977\.m2\repository\org\jboss\logging\jboss-logging\3.6.1.Final\jboss-logging-3.6.1.Final.jar;C:\Users\6132977\.m2\repository\org\hibernate\common\hibernate-commons-annotations\7.0.3.Final\hibernate-commons-annotations-7.0.3.Final.jar;C:\Users\6132977\.m2\repository\io\smallrye\jandex\3.2.0\jandex-3.2.0.jar;C:\Users\6132977\.m2\repository\com\fasterxml\classmate\1.7.0\classmate-1.7.0.jar;C:\Users\6132977\.m2\repository\net\bytebuddy\byte-buddy\1.17.6\byte-buddy-1.17.6.jar;C:\Users\6132977\.m2\repository\org\glassfish\jaxb\jaxb-runtime\4.0.5\jaxb-runtime-4.0.5.jar;C:\Users\6132977\.m2\repository\org\glassfish\jaxb\jaxb-core\4.0.5\jaxb-core-4.0.5.jar;C:\Users\6132977\.m2\repository\org\eclipse\angus\angus-activation\2.0.2\angus-activation-2.0.2.jar;C:\Users\6132977\.m2\repository\org\glassfish\jaxb\txw2\4.0.5\txw2-4.0.5.jar;C:\Users\6132977\.m2\repository\com\sun\istack\istack-commons-runtime\4.1.2\istack-commons-runtime-4.1.2.jar;C:\Users\6132977\.m2\repository\jakarta\inject\jakarta.inject-api\2.0.1\jakarta.inject-api-2.0.1.jar;C:\Users\6132977\.m2\repository\org\antlr\antlr4-runtime\4.13.0\antlr4-runtime-4.13.0.jar;C:\Users\6132977\.m2\repository\org\springframework\data\spring-data-jpa\3.5.2\spring-data-jpa-3.5.2.jar;C:\Users\6132977\.m2\repository\org\springframework\data\spring-data-commons\3.5.2\spring-data-commons-3.5.2.jar;C:\Users\6132977\.m2\repository\org\springframework\spring-orm\6.2.9\spring-orm-6.2.9.jar;C:\Users\6132977\.m2\repository\org\springframework\spring-tx\6.2.9\spring-tx-6.2.9.jar;C:\Users\6132977\.m2\repository\org\slf4j\slf4j-api\2.0.17\slf4j-api-2.0.17.jar;C:\Users\6132977\.m2\repository\org\springframework\spring-aspects\6.2.9\spring-aspects-6.2.9.jar;C:\Users\6132977\.m2\repository\org\aspectj\aspectjweaver\1.9.24\aspectjweaver-1.9.24.jar;C:\Users\6132977\.m2\repository\com\h2database\h2\2.3.232\h2-2.3.232.jar;C:\Users\6132977\.m2\repository\org\springframework\boot\spring-boot-starter-security\3.5.4\spring-boot-starter-security-3.5.4.jar;C:\Users\6132977\.m2\repository\org\springframework\spring-aop\6.2.9\spring-aop-6.2.9.jar;C:\Users\6132977\.m2\repository\org\springframework\security\spring-security-config\6.5.2\spring-security-config-6.5.2.jar;C:\Users\6132977\.m2\repository\org\springframework\security\spring-security-core\6.5.2\spring-security-core-6.5.2.jar;C:\Users\6132977\.m2\repository\org\springframework\security\spring-security-crypto\6.5.2\spring-security-crypto-6.5.2.jar;C:\Users\6132977\.m2\repository\org\springframework\security\spring-security-web\6.5.2\spring-security-web-6.5.2.jar;C:\Users\6132977\.m2\repository\org\springframework\boot\spring-boot-starter-validation\3.5.4\spring-boot-starter-validation-3.5.4.jar;C:\Users\6132977\.m2\repository\org\hibernate\validator\hibernate-validator\8.0.2.Final\hibernate-validator-8.0.2.Final.jar;C:\Users\6132977\.m2\repository\jakarta\validation\jakarta.validation-api\3.0.2\jakarta.validation-api-3.0.2.jar;C:\Users\6132977\.m2\repository\org\springframework\boot\spring-boot-devtools\3.5.4\spring-boot-devtools-3.5.4.jar;C:\Users\6132977\.m2\repository\org\springframework\boot\spring-boot\3.5.4\spring-boot-3.5.4.jar;C:\Users\6132977\.m2\repository\org\springframework\boot\spring-boot-autoconfigure\3.5.4\spring-boot-autoconfigure-3.5.4.jar;C:\Users\6132977\.m2\repository\jakarta\xml\bind\jakarta.xml.bind-api\4.0.2\jakarta.xml.bind-api-4.0.2.jar;C:\Users\6132977\.m2\repository\jakarta\activation\jakarta.activation-api\2.1.3\jakarta.activation-api-2.1.3.jar;C:\Users\6132977\.m2\repository\org\springframework\spring-core\6.2.9\spring-core-6.2.9.jar;C:\Users\6132977\.m2\repository\org\springframework\spring-jcl\6.2.9\spring-jcl-6.2.9.jar
Launcher Type: SUN_STANDARD

[Global flags]
     intx CICompilerCount                          = 4                                         {product} {ergonomic}
     uint ConcGCThreads                            = 3                                         {product} {ergonomic}
     uint G1ConcRefinementThreads                  = 10                                        {product} {ergonomic}
   size_t G1HeapRegionSize                         = 2097152                                   {product} {ergonomic}
    uintx GCDrainStackTargetSize                   = 64                                        {product} {ergonomic}
   size_t InitialHeapSize                          = 257949696                                 {product} {ergonomic}
   size_t MarkStackSize                            = 4194304                                   {product} {ergonomic}
   size_t MaxHeapSize                              = 4120903680                                {product} {ergonomic}
   size_t MaxNewSize                               = 2472542208                                {product} {ergonomic}
   size_t MinHeapDeltaBytes                        = 2097152                                   {product} {ergonomic}
   size_t MinHeapSize                              = 8388608                                   {product} {ergonomic}
    uintx NonNMethodCodeHeapSize                   = 5839372                                {pd product} {ergonomic}
    uintx NonProfiledCodeHeapSize                  = 122909434                              {pd product} {ergonomic}
    uintx ProfiledCodeHeapSize                     = 122909434                              {pd product} {ergonomic}
    uintx ReservedCodeCacheSize                    = 251658240                              {pd product} {ergonomic}
     bool SegmentedCodeCache                       = true                                      {product} {ergonomic}
     bool ShowCodeDetailsInExceptionMessages       = true                                   {manageable} {command line}
   size_t SoftMaxHeapSize                          = 4120903680                             {manageable} {ergonomic}
     bool UseCompressedOops                        = true                           {product lp64_product} {ergonomic}
     bool UseG1GC                                  = true                                      {product} {ergonomic}
     bool UseLargePagesIndividualAllocation        = false                                  {pd product} {ergonomic}

Logging:
Log output configuration:
 #0: stdout all=warning uptime,level,tags foldmultilines=false
 #1: stderr all=off uptime,level,tags foldmultilines=false

Environment Variables:
PATH=C:/eclipse//plugins/org.eclipse.justj.openjdk.hotspot.jre.full.win32.x86_64_21.0.7.v20250502-0916/jre/bin/server;C:/eclipse//plugins/org.eclipse.justj.openjdk.hotspot.jre.full.win32.x86_64_21.0.7.v20250502-0916/jre/bin;C:\Program Files\Java\jdk-24\bin;C:\Program Files\Common Files\Oracle\Java\javapath;C:\Program Files\Python313\Scripts\;C:\Program Files\Python313\;C:\Windows\system32;C:\Windows;C:\Windows\System32\Wbem;C:\Windows\System32\WindowsPowerShell\v1.0\;C:\Windows\System32\OpenSSH\;C:\Program Files\dotnet\;C:\Program Files\Microsoft VS Code\bin;C:\Program Files\MySQL\MySQL Server 8.0\bin;C:\Program Files (x86)\Microsoft SQL Server\160\DTS\Binn\;C:\Program Files (x86)\Microsoft SQL Server\160\Tools\Binn\;C:\Program Files\Microsoft SQL Server\160\Tools\Binn\;C:\Program Files\Microsoft SQL Server\Client SDK\ODBC\170\Tools\Binn\;C:\Program Files\Microsoft SQL Server\160\DTS\Binn\;C:\Program Files\Microsoft SQL Server Migration Assistant for MySQL\bin\;C:\Program Files\nodejs\;C:\Program Files\MySQL\MySQL Shell 8.0\bin\;C:\Users\6132977\AppData\Local\Microsoft\WindowsApps;C:\Users\6132977\AppData\Local\Programs\Git\cmd;C:\Users\6132977\AppData\Roaming\npm;C:\eclipse;
USERNAME=6132977
OS=Windows_NT
PROCESSOR_IDENTIFIER=Intel64 Family 6 Model 186 Stepping 3, GenuineIntel
TMP=C:\Users\6132977\AppData\Local\Temp
TEMP=C:\Users\6132977\AppData\Local\Temp




Periodic native trim disabled

---------------  S Y S T E M  ---------------

OS:
 Windows 11 , 64 bit Build 26100 (10.0.26100.5074)
OS uptime: 0 days 20:25 hours
Hyper-V role detected

CPU: total 12 (initial active 12) (6 cores per cpu, 2 threads per core) family 6 model 186 stepping 3 microcode 0x4123, cx8, cmov, fxsr, ht, mmx, 3dnowpref, sse, sse2, sse3, ssse3, sse4.1, sse4.2, popcnt, lzcnt, tsc, tscinvbit, avx, avx2, aes, erms, clmul, bmi1, bmi2, adx, sha, fma, vzeroupper, clflush, clflushopt, clwb, hv, serialize, rdtscp, rdpid, fsrm, f16c, cet_ibt, cet_ss
Processor Information for processor 0
  Max Mhz: 1600, Current Mhz: 1600, Mhz Limit: 1600
Processor Information for processor 1
  Max Mhz: 1600, Current Mhz: 1600, Mhz Limit: 1600
Processor Information for processor 2
  Max Mhz: 1600, Current Mhz: 1600, Mhz Limit: 1600
Processor Information for processor 3
  Max Mhz: 1600, Current Mhz: 1600, Mhz Limit: 1600
Processor Information for processor 4
  Max Mhz: 1600, Current Mhz: 1466, Mhz Limit: 1600
Processor Information for processor 5
  Max Mhz: 1600, Current Mhz: 1466, Mhz Limit: 1600
Processor Information for processor 6
  Max Mhz: 1600, Current Mhz: 1466, Mhz Limit: 1600
Processor Information for processor 7
  Max Mhz: 1600, Current Mhz: 1466, Mhz Limit: 1600
Processor Information for processor 8
  Max Mhz: 1600, Current Mhz: 1466, Mhz Limit: 1600
Processor Information for processor 9
  Max Mhz: 1600, Current Mhz: 1466, Mhz Limit: 1600
Processor Information for processor 10
  Max Mhz: 1600, Current Mhz: 1466, Mhz Limit: 1600
Processor Information for processor 11
  Max Mhz: 1600, Current Mhz: 1466, Mhz Limit: 1600

Memory: 4k page, system-wide physical 15715M (3068M free)
TotalPageFile size 31587M (AvailPageFile size 10177M)
current process WorkingSet (physical memory assigned to process): 335M, peak: 377M
current process commit charge ("private bytes"): 362M, peak: 456M

vm_info: OpenJDK 64-Bit Server VM (21.0.7+6-LTS) for windows-amd64 JRE (21.0.7+6-LTS), built on 2025-04-15T00:00:00Z by "admin" with MS VC++ 17.7 (VS2022)

END.
